    ITER          TIME      CPUDT          DT      CFL     DNUM         DIV              MOM              TKE
       0             0     0.0001   2.800E+01   1.4000   0.1174   0.000E+00   5.00000000E+00   1.25000000E+01
       5       114.941     0.5431   5.059E+00   0.2590   0.0271   1.596E-17   4.99568587E+00   1.24792341E+01
      10       207.322     0.5227   2.729E+01   1.4000   0.1829   1.577E-17   4.99258833E+00   1.24650444E+01
      15           300     0.3550   2.735E+01   1.4000   0.2096   1.435E-17   4.98972636E+00   1.24522593E+01
      20       414.683     0.6585   5.317E+00   0.2724   0.0452   1.643E-17   4.98643700E+00   1.24378045E+01
      25       507.258     1.6443   2.722E+01   1.4000   0.2458   1.594E-17   4.98393771E+00   1.24269332E+01
      30           600     1.3785   2.708E+01   1.4000   0.2559   1.491E-17   4.98154476E+00   1.24165886E+01
      35       713.932     1.1489   6.068E+00   0.3168   0.0600   1.634E-17   4.97872811E+00   1.24044930E+01
      40        804.94     1.0736   2.376E+01   1.4000   0.3225   1.520E-17   4.97655785E+00   1.23954512E+01
      45           900     0.6826   2.381E+01   1.4000   0.2498   1.588E-17   4.97435469E+00   1.23860610E+01
      50       1007.35     1.0210   1.265E+01   0.7738   0.1369   1.518E-17   4.97193265E+00   1.23761233E+01
      55       1103.65     1.0516   2.309E+01   1.4000   0.2570   1.530E-17   4.96980953E+00   1.23671134E+01
      60          1200     0.6712   2.368E+01   1.4000   0.2715   1.614E-17   4.96772304E+00   1.23581943E+01
      65       1306.52     1.0210   1.348E+01   0.8349   0.1602   1.497E-17   4.96544815E+00   1.23489459E+01
      70       1403.73     0.9957   2.299E+01   1.4000   0.2839   1.533E-17   4.96338701E+00   1.23403269E+01
      75          1500     0.6906   2.290E+01   1.4000   0.2950   1.606E-17   4.96134279E+00   1.23318451E+01
      80       1604.41     1.0146   1.559E+01   0.9996   0.2153   1.485E-17   4.95909573E+00   1.23228042E+01
      85       1701.07     1.0400   2.083E+01   1.4000   0.3146   1.475E-17   4.95695384E+00   1.23145107E+01
      90          1800     0.6130   1.966E+01   1.4000   0.3206   1.388E-17   4.95465789E+00   1.23063151E+01
      95       1878.94     1.0152   1.873E+01   1.4000   0.3209   1.475E-17   4.95271919E+00   1.22999308E+01
     100       1956.36     0.6568   1.789E+01   1.4000   0.3144   2.082E-17   4.95070660E+00   1.22938737E+01
     105       2032.37     0.6704   7.635E+00   0.6248   0.1365   2.255E-17   4.94861558E+00   1.22882328E+01
     110          2100     0.6669   1.654E+01   1.4000   0.3043   2.038E-17   4.94666037E+00   1.22835643E+01
     115       2176.23     0.9524   1.610E+01   1.4000   0.3174   1.821E-17   4.94436226E+00   1.22787663E+01
     120       2251.33     0.6705   1.542E+01   1.4000   0.3211   1.995E-17   4.94201746E+00   1.22746087E+01
     125       2324.29     0.6431   1.442E+01   1.4000   0.3117   1.952E-17   4.93968195E+00   1.22712154E+01
     130       2382.59     0.6411   1.414E+01   1.4000   0.3164   2.168E-17   4.93778773E+00   1.22690408E+01
     135       2442.04     0.6460   1.406E+01   1.4000   0.3254   2.515E-17   4.93584070E+00   1.22673910E+01
     140        2502.3     0.6714   1.394E+01   1.4000   0.3219   2.168E-17   4.93385968E+00   1.22663655E+01
     145       2561.69     0.6266   1.382E+01   1.4000   0.3004   2.299E-17   4.93190431E+00   1.22660357E+01
     150       2621.21     0.6176   1.359E+01   1.4000   0.3086   2.255E-17   4.92994460E+00   1.22663884E+01
     155        2679.7     0.6408   1.290E+01   1.4000   0.2966   2.342E-17   4.92801858E+00   1.22673608E+01
     160       2737.75     0.6510   1.233E+01   1.4000   0.3007   2.385E-17   4.92610624E+00   1.22687905E+01
     165       2795.98     0.6456   1.190E+01   1.4000   0.2859   2.342E-17   4.92418637E+00   1.22704144E+01
     170       2843.29     0.6480   1.166E+01   1.4000   0.3080   2.255E-17   4.92262715E+00   1.22716621E+01
     175       2891.37     0.6837   1.151E+01   1.4000   0.3133   2.353E-17   4.92104342E+00   1.22727492E+01
     180          2940     0.3645   1.143E+01   1.4000   0.2965   2.255E-17   4.91944510E+00   1.22735028E+01
     185       2997.19     0.6928   2.811E+00   0.3415   0.0684   2.689E-17   4.91757266E+00   1.22735452E+01
     190       3046.56     0.6253   1.179E+01   1.4000   0.3022   2.190E-17   4.91596481E+00   1.22725934E+01
     195       3096.23     0.3824   1.224E+01   1.4000   0.3083   2.407E-17   4.91435772E+00   1.22704056E+01
     200       3157.44     0.3718   1.243E+01   1.4000   0.3044   2.472E-17   4.91239211E+00   1.22658125E+01
     205       3216.91     0.3871   1.223E+01   1.4000   0.3211   2.342E-17   4.91049786E+00   1.22593409E+01
     210       3276.17     0.3605   1.195E+01   1.4000   0.3257   2.353E-17   4.90862191E+00   1.22506646E+01
     215       3323.51     0.3571   1.169E+01   1.4000   0.3153   2.233E-17   4.90712959E+00   1.22421334E+01
     220       3371.69     0.3792   1.160E+01   1.4000   0.3045   2.364E-17   4.90561352E+00   1.22322057E+01
     225          3420     0.1942   1.175E+01   1.4000   0.3117   2.385E-17   4.90409526E+00   1.22211798E+01
     230       3478.77     0.3734   1.235E+00   0.1473   0.0327   2.233E-17   4.90224955E+00   1.22066641E+01
     235       3526.74     0.3832   1.175E+01   1.4000   0.3515   2.060E-17   4.90074461E+00   1.21942784E+01
     240       3575.11     0.3598   1.177E+01   1.4000   0.3541   2.168E-17   4.89923204E+00   1.21815407E+01
     245       3623.52     0.3929   1.184E+01   1.4000   0.3287   2.190E-17   4.89772627E+00   1.21687987E+01
     250       3671.89     0.3619   1.177E+01   1.4000   0.2975   2.038E-17   4.89623366E+00   1.21562838E+01
     255          3720     0.2101   1.188E+01   1.4000   0.2707   2.038E-17   4.89476413E+00   1.21441965E+01
     260       3779.94     0.3831   5.756E-02   0.0067   0.0013   2.057E-17   4.89295782E+00   1.21297617E+01
     265       3828.61     0.4061   1.139E+01   1.2866   0.2783   1.995E-17   4.89151281E+00   1.21186660E+01
     270       3889.88     0.3945   1.012E+01   1.1253   0.2243   2.038E-17   4.88972041E+00   1.21056140E+01
     275        3949.6     0.3873   1.040E+01   1.1721   0.2533   2.017E-17   4.88799905E+00   1.20940133E+01
     280        4009.3     0.3879   1.070E+01   1.2308   0.2505   1.973E-17   4.88629926E+00   1.20835086E+01
     285       4068.87     0.3898   1.113E+01   1.2851   0.3255   1.908E-17   4.88461983E+00   1.20741439E+01
     290       4127.71     0.3763   1.144E+01   1.4000   0.3222   2.017E-17   4.88297329E+00   1.20659456E+01
     295       4174.15     0.3616   1.100E+01   1.4000   0.2882   1.908E-17   4.88167913E+00   1.20601378E+01
     300        4221.7     0.3647   1.065E+01   1.4000   0.2724   1.865E-17   4.88035670E+00   1.20547529E+01
     305       4270.45     0.3767   1.044E+01   1.4000   0.2746   2.537E-17   4.87900120E+00   1.20497246E+01
     310          4320     0.2101   1.030E+01   1.4000   0.2713   2.429E-17   4.87762275E+00   1.20450051E+01
     315       4371.75     0.3806   8.248E+00   1.1040   0.2080   2.255E-17   4.87618139E+00   1.20403706E+01
     320       4422.54     0.3764   1.066E+01   1.4000   0.2434   2.472E-17   4.87476544E+00   1.20360379E+01
     325       4471.91     0.3777   1.063E+01   1.4000   0.2544   2.082E-17   4.87338828E+00   1.20319487E+01
     330       4521.97     0.3795   1.105E+01   1.4000   0.2604   2.143E-17   4.87199012E+00   1.20278051E+01
     335       4571.54     0.3802   1.169E+01   1.4000   0.2781   2.120E-17   4.87060442E+00   1.20236064E+01
     340          4620     0.1875   1.194E+01   1.4000   0.2744   2.168E-17   4.86924749E+00   1.20194029E+01
     345       4679.83     0.3678   1.720E-01   0.0201   0.0044   2.147E-17   4.86756853E+00   1.20143829E+01
     350       4727.04     0.3688   1.172E+01   1.4000   0.2976   2.342E-17   4.86624055E+00   1.20107068E+01
     355       4775.03     0.3771   1.158E+01   1.4000   0.3037   2.277E-17   4.86488829E+00   1.20071667E+01
     360       4823.41     0.3835   1.153E+01   1.4000   0.2891   1.952E-17   4.86352189E+00   1.20036538E+01
     365       4871.21     0.3818   1.110E+01   1.4000   0.2803   2.125E-17   4.86217004E+00   1.20001529E+01
     370          4920     0.2099   1.066E+01   1.4000   0.2839   2.613E-17   4.86078794E+00   1.19964572E+01
     375       4972.81     0.4262   7.186E+00   0.9619   0.2021   2.429E-17   4.85928955E+00   1.19921209E+01
     380       5022.19     0.3763   1.070E+01   1.4000   0.2950   1.949E-17   4.85788629E+00   1.19878049E+01
     385       5072.88     0.3655   1.120E+01   1.4000   0.2944   2.602E-17   4.85644317E+00   1.19830989E+01
     390       5122.33     0.3662   1.114E+01   1.4000   0.2901   2.559E-17   4.85503235E+00   1.19783276E+01
     395       5170.83     0.3846   1.109E+01   1.4000   0.2847   2.082E-17   4.85364656E+00   1.19735738E+01
     400          5220     0.2144   1.082E+01   1.4000   0.3071   2.529E-17   4.85224049E+00   1.19686465E+01
     405       5273.71     0.3798   6.292E+00   0.8118   0.1814   2.266E-17   4.85070510E+00   1.19629942E+01
     410       5323.61     0.3942   1.092E+01   1.4000   0.3080   2.082E-17   4.84928041E+00   1.19576571E+01
     415        5372.6     0.3756   1.094E+01   1.4000   0.3091   2.082E-17   4.84788415E+00   1.19524352E+01
     420       5421.42     0.3560   1.073E+01   1.4000   0.3198   2.255E-17   4.84649682E+00   1.19473751E+01
     425       5470.63     0.3875   1.080E+01   1.4000   0.3303   2.125E-17   4.84510338E+00   1.19423998E+01
     430          5520     0.1998   1.107E+01   1.4000   0.3324   2.429E-17   4.84371228E+00   1.19373765E+01
     435       5574.45     0.3785   5.552E+00   0.7293   0.1564   2.233E-17   4.84218827E+00   1.19316900E+01
     440       5622.22     0.3560   1.069E+01   1.4000   0.2906   1.941E-17   4.84086232E+00   1.19267861E+01
     445       5670.92     0.3867   1.033E+01   1.4000   0.2807   1.952E-17   4.83952380E+00   1.19217667E+01
     450       5720.87     0.3821   1.039E+01   1.4000   0.2952   2.168E-17   4.83816634E+00   1.19163567E+01
     455       5770.75     0.3676   1.086E+01   1.4000   0.3032   2.559E-17   4.83682615E+00   1.19103562E+01
     460          5820     0.2189   1.098E+01   1.4000   0.2988   2.017E-17   4.83551731E+00   1.19036657E+01
     465       5876.11     0.4101   3.889E+00   0.4741   0.1041   2.125E-17   4.83404087E+00   1.18953870E+01
     470       5925.16     0.3660   1.129E+01   1.4000   0.2860   2.342E-17   4.83275922E+00   1.18883833E+01
     475       5973.48     0.3828   1.124E+01   1.4000   0.2852   1.995E-17   4.83149973E+00   1.18819977E+01
     480       6022.42     0.3753   1.124E+01   1.4000   0.2678   2.385E-17   4.83022278E+00   1.18760729E+01
     485       6071.31     0.3682   1.138E+01   1.4000   0.2577   2.299E-17   4.82894160E+00   1.18707528E+01
     490          6120     0.2190   1.167E+01   1.4000   0.2589   2.429E-17   4.82765782E+00   1.18662665E+01
     495       6178.77     0.3911   1.227E+00   0.1525   0.0327   2.353E-17   4.82609725E+00   1.18620773E+01
     500          6224     0.3929   1.065E+01   1.4000   0.3038   2.515E-17   4.82488860E+00   1.18598542E+01
     505       6271.39     0.3732   1.035E+01   1.4000   0.2890   2.277E-17   4.82361515E+00   1.18582514E+01
     510       6320.37     0.3863   9.969E+00   1.4000   0.2502   2.515E-17   4.82229160E+00   1.18571873E+01
     515        6369.8     0.4118   9.931E+00   1.4000   0.2609   2.532E-17   4.82094735E+00   1.18565770E+01
     520       6419.08     0.2205   9.234E-01   0.1317   0.0270   2.906E-17   4.81959947E+00   1.18561818E+01
     525       6459.54     0.3558   9.978E+00   1.4000   0.2934   2.266E-17   4.81848744E+00   1.18557969E+01
     530       6500.11     0.3968   1.014E+01   1.4000   0.3056   2.441E-17   4.81736885E+00   1.18551466E+01
     535       6550.27     0.3782   1.036E+01   1.4000   0.3196   2.255E-17   4.81598273E+00   1.18537250E+01
     540          6600     0.1980   1.058E+01   1.4000   0.3057   2.602E-17   4.81460768E+00   1.18514001E+01
     545       6653.43     0.3899   6.567E+00   0.8353   0.1843   2.436E-17   4.81313188E+00   1.18477829E+01
     550       6703.31     0.3741   1.117E+01   1.4000   0.3340   2.396E-17   4.81175844E+00   1.18438965E+01
     555       6753.06     0.3914   1.133E+01   1.4000   0.3378   2.342E-17   4.81039400E+00   1.18399424E+01
     560       6802.68     0.3832   1.148E+01   1.4000   0.3230   2.190E-17   4.80903885E+00   1.18361294E+01
     565       6851.24     0.3486   1.119E+01   1.4000   0.3024   2.011E-17   4.80771700E+00   1.18325300E+01
     570          6900     0.1973   1.089E+01   1.4000   0.2966   2.255E-17   4.80639235E+00   1.18291764E+01
     575       6953.97     0.3929   6.029E+00   0.8148   0.1719   2.429E-17   4.80492840E+00   1.18258369E+01
     580       7001.34     0.4033   1.033E+01   1.4000   0.2986   2.255E-17   4.80364628E+00   1.18234002E+01
     585       7050.39     0.3692   1.015E+01   1.4000   0.2789   2.255E-17   4.80232346E+00   1.18211786E+01
     590        7100.6     0.3862   1.022E+01   1.4000   0.2822   2.255E-17   4.80097804E+00   1.18189043E+01
     595       7150.21     0.4836   1.028E+01   1.4000   0.3189   2.515E-17   4.79965901E+00   1.18162583E+01
     600          7200     0.3295   1.077E+01   1.4000   0.3351   2.483E-17   4.79834778E+00   1.18128821E+01
     605       7252.84     0.4005   7.157E+00   0.9664   0.2302   2.559E-17   4.79697013E+00   1.18085268E+01
     610       7299.64     0.4308   9.770E+00   1.4000   0.3134   2.212E-17   4.79576036E+00   1.18041843E+01
     615       7339.03     0.4041   9.409E+00   1.4000   0.2673   2.385E-17   4.79474703E+00   1.17997091E+01
     620          7380     0.2206   9.312E+00   1.4000   0.2739   2.602E-17   4.79369593E+00   1.17941021E+01
     625       7426.41     0.3729   9.630E+00   1.4000   0.2882   2.689E-17   4.79250599E+00   1.17864580E+01
     630        7468.9     0.3883   9.837E+00   1.4000   0.2931   2.667E-17   4.79141496E+00   1.17785523E+01
     635       7509.81     0.3803   9.821E+00   1.4000   0.3177   2.624E-17   4.79036267E+00   1.17704371E+01
     640       7558.76     0.2032   1.245E+00   0.1784   0.0401   2.082E-17   4.78910043E+00   1.17605499E+01
     645       7599.58     0.3957   1.004E+01   1.4000   0.2944   2.480E-17   4.78804483E+00   1.17521161E+01
     650       7640.62     0.3569   1.047E+01   1.4000   0.3182   2.082E-17   4.78698101E+00   1.17432453E+01
     655       7690.47     0.3786   1.086E+01   1.4000   0.3138   2.299E-17   4.78568614E+00   1.17326205E+01
     660          7740     0.2236   1.048E+01   1.4000   0.2823   2.385E-17   4.78439705E+00   1.17236759E+01
     665       7791.11     0.3782   8.887E+00   1.2175   0.2496   2.212E-17   4.78306375E+00   1.17167020E+01
     670       7840.71     0.3840   1.025E+01   1.4000   0.3055   2.082E-17   4.78176594E+00   1.17113581E+01
     675       7891.14     0.3872   1.038E+01   1.4000   0.2966   2.299E-17   4.78044126E+00   1.17065675E+01
     680       7940.98     0.3858   1.035E+01   1.4000   0.2837   2.255E-17   4.77912550E+00   1.17027374E+01
     685       7990.46     0.3642   1.010E+01   1.4000   0.2538   2.320E-17   4.77781225E+00   1.17003104E+01
     690          8040     0.1847   9.824E+00   1.4000   0.2487   1.930E-17   4.77648918E+00   1.16990982E+01
     695       8088.36     0.3749   9.207E+00   1.4000   0.2272   2.776E-17   4.77518953E+00   1.16985254E+01
     700       8127.56     0.3860   9.181E+00   1.4000   0.2207   2.467E-17   4.77412971E+00   1.16982760E+01
     705       8169.34     0.3883   9.005E+00   1.4000   0.2241   2.342E-17   4.77299460E+00   1.16980148E+01
     710       8215.18     0.2069   4.821E+00   0.7227   0.1279   2.472E-17   4.77174210E+00   1.16973945E+01
     715       8257.33     0.3761   9.352E+00   1.4000   0.2689   2.960E-17   4.77058433E+00   1.16963387E+01
     720       8299.21     0.3858   9.744E+00   1.4000   0.2913   2.190E-17   4.76942873E+00   1.16946873E+01
     725          8340     0.2154   9.938E+00   1.4000   0.3078   2.559E-17   4.76829951E+00   1.16925316E+01
     730       8390.35     0.3924   9.651E+00   1.3219   0.2911   2.168E-17   4.76690358E+00   1.16894014E+01
     735       8440.99     0.3890   1.027E+01   1.4000   0.3126   2.429E-17   4.76550287E+00   1.16857616E+01
     740       8491.66     0.3834   1.062E+01   1.4000   0.3258   2.342E-17   4.76411025E+00   1.16814793E+01
     745       8541.66     0.3872   1.063E+01   1.4000   0.3275   2.385E-17   4.76274749E+00   1.16770330E+01
     750       8590.56     0.3795   1.049E+01   1.4000   0.3375   2.689E-17   4.76142687E+00   1.16733476E+01
     755          8640     0.2121   1.030E+01   1.4000   0.3248   2.125E-17   4.76010480E+00   1.16707827E+01
     760       8691.14     0.3838   8.864E+00   1.2230   0.2803   2.255E-17   4.75875089E+00   1.16689632E+01
     765       8739.98     0.3614   9.862E+00   1.4000   0.2938   2.282E-17   4.75747049E+00   1.16675494E+01
     770       8778.77     0.3755   9.286E+00   1.4000   0.2961   2.472E-17   4.75646255E+00   1.16663623E+01
     775          8820     0.2018   8.785E+00   1.4000   0.2914   2.559E-17   4.75539903E+00   1.16650374E+01
     780        8864.3     0.4083   9.243E+00   1.4000   0.3011   2.136E-17   4.75426283E+00   1.16631478E+01
     785       8908.48     0.3701   9.444E+00   1.4000   0.3302   3.079E-17   4.75313204E+00   1.16606078E+01
     790       8949.52     0.4087   9.562E+00   1.4000   0.3025   2.645E-17   4.75207932E+00   1.16576006E+01
     795       8998.02     0.2188   1.983E+00   0.2815   0.0668   2.602E-17   4.75082648E+00   1.16531072E+01
     800       9039.76     0.3704   9.773E+00   1.4000   0.2974   2.689E-17   4.74973627E+00   1.16487270E+01
     805       9079.27     0.4011   9.502E+00   1.4000   0.2897   3.014E-17   4.74869097E+00   1.16444013E+01
     810          9120     0.2071   9.422E+00   1.4000   0.2843   2.602E-17   4.74759834E+00   1.16399785E+01
     815       9167.09     0.3761   9.479E+00   1.4000   0.2859   2.374E-17   4.74631443E+00   1.16347967E+01
     820       9208.68     0.3788   9.732E+00   1.4000   0.3038   2.461E-17   4.74516289E+00   1.16300091E+01
     825       9249.95     0.3809   1.003E+01   1.4000   0.3409   2.510E-17   4.74400686E+00   1.16248603E+01
     830          9300     0.2017   1.031E+01   1.4000   0.3209   2.429E-17   4.74259341E+00   1.16182782E+01
     835       9352.01     0.3969   7.986E+00   1.0645   0.2532   2.472E-17   4.74111973E+00   1.16114596E+01
     840       9402.11     0.3928   1.050E+01   1.4000   0.3213   2.472E-17   4.73970295E+00   1.16052355E+01
     845       9451.43     0.3650   1.033E+01   1.4000   0.3262   2.851E-17   4.73831481E+00   1.15995083E+01
     850       9499.69     0.4007   9.597E+00   1.4000   0.3069   2.515E-17   4.73696555E+00   1.15944269E+01
     855          9540     0.1926   9.305E+00   1.4000   0.2828   2.168E-17   4.73584612E+00   1.15905191E+01
     860       9586.39     0.3793   9.193E+00   1.4000   0.2702   2.645E-17   4.73456615E+00   1.15861860E+01
     865       9627.81     0.4075   9.312E+00   1.4000   0.2958   2.255E-17   4.73343046E+00   1.15823724E+01
     870       9669.49     0.4092   9.537E+00   1.4000   0.3106   2.320E-17   4.73229288E+00   1.15785617E+01
     875       9717.64     0.2019   2.363E+00   0.3454   0.0783   2.689E-17   4.73098398E+00   1.15743812E+01
     880       9758.28     0.3812   9.552E+00   1.4000   0.3034   3.123E-17   4.72988142E+00   1.15713148E+01
     885       9799.23     0.4071   9.569E+00   1.4000   0.3202   2.255E-17   4.72877096E+00   1.15685232E+01
     890          9840     0.2203   9.472E+00   1.4000   0.3211   2.439E-17   4.72766504E+00   1.15659927E+01
     895          9886     0.4261   8.921E+00   1.4000   0.2787   2.255E-17   4.72641635E+00   1.15638441E+01
     900       9926.25     0.4007   8.630E+00   1.4000   0.2793   2.602E-17   4.72532454E+00   1.15630768E+01
     905       9968.58     0.3843   8.652E+00   1.4000   0.2751   2.602E-17   4.72417918E+00   1.15634336E+01
     910       10012.1     0.1986   7.914E+00   1.2693   0.2402   2.537E-17   4.72300903E+00   1.15644909E+01
     915       10055.3     0.3972   8.982E+00   1.4000   0.2909   2.602E-17   4.72185539E+00   1.15654313E+01
     920       10098.3     0.3914   9.122E+00   1.4000   0.3109   2.645E-17   4.72071405E+00   1.15656960E+01
     925         10140     0.2090   8.752E+00   1.4000   0.3184   2.429E-17   4.71961344E+00   1.15655056E+01
     930       10182.9     0.3824   8.345E+00   1.4000   0.2825   3.925E-17   4.71847992E+00   1.15652095E+01
     935       10216.4     0.3884   8.111E+00   1.4000   0.2731   3.383E-17   4.71759109E+00   1.15649901E+01
     940       10256.9     0.2183   3.073E+00   0.5363   0.1065   3.036E-17   4.71651277E+00   1.15644257E+01
     945       10292.3     0.4006   8.201E+00   1.4000   0.2986   3.057E-17   4.71556605E+00   1.15635338E+01
     950       10328.3     0.4062   8.424E+00   1.4000   0.2964   2.472E-17   4.71460048E+00   1.15623723E+01
     955       10371.4     0.2189   8.613E+00   1.3465   0.3056   2.711E-17   4.71344241E+00   1.15610228E+01
     960       10415.5     0.3836   8.728E+00   1.4000   0.3196   2.862E-17   4.71225842E+00   1.15601977E+01
     965       10457.4     0.3845   8.683E+00   1.4000   0.3334   2.635E-17   4.71113587E+00   1.15598709E+01
     970         10500     0.2029   8.795E+00   1.4000   0.3381   2.776E-17   4.71000100E+00   1.15594856E+01
     975       10544.3     0.4000   9.006E+00   1.4000   0.3246   2.532E-17   4.70882580E+00   1.15588179E+01
     980       10587.2     0.3866   8.939E+00   1.4000   0.3101   2.841E-17   4.70769087E+00   1.15579927E+01
     985         10629     0.3957   8.641E+00   1.4000   0.3171   2.754E-17   4.70658763E+00   1.15565101E+01
     990       10672.4     0.2243   7.581E+00   1.2082   0.2605   2.570E-17   4.70543701E+00   1.15532178E+01
     995         10715     0.4151   8.871E+00   1.4000   0.3077   3.133E-17   4.70430933E+00   1.15478075E+01
    1000       10757.9     0.3945   9.094E+00   1.4000   0.3281   2.732E-17   4.70317482E+00   1.15404902E+01
    1005         10800     0.2007   9.340E+00   1.4000   0.3339   2.906E-17   4.70206556E+00   1.15323824E+01
