    ITER          TIME      CPUDT          DT      CFL     DNUM         DIV              MOM              TKE
       0             0     0.0001   2.800E+01   1.4000   0.1181   0.000E+00   5.00000000E+00   1.25000000E+01
       5       114.726     0.5415   5.274E+00   0.2717   0.0283   1.682E-17   4.99579456E+00   1.24797505E+01
      10       207.198     0.5217   2.717E+01   1.4000   0.1814   1.617E-17   4.99276244E+00   1.24658478E+01
      15           300     0.4527   2.713E+01   1.4000   0.2070   1.512E-17   4.98995693E+00   1.24533058E+01
      20       414.288     0.5387   5.712E+00   0.2947   0.0487   1.615E-17   4.98674501E+00   1.24391846E+01
      25       507.076     0.5081   2.705E+01   1.4000   0.2450   1.641E-17   4.98428836E+00   1.24284986E+01
      30           600     0.4498   2.693E+01   1.4000   0.2555   1.515E-17   4.98193551E+00   1.24183322E+01
      35       713.706     0.5229   6.294E+00   0.3287   0.0623   1.608E-17   4.97917496E+00   1.24064756E+01
      40       806.128     0.5420   2.484E+01   1.4000   0.3006   1.596E-17   4.97701060E+00   1.23973087E+01
      45           900     0.4616   2.344E+01   1.4000   0.2477   1.616E-17   4.97487332E+00   1.23882825E+01
      50       1006.78     0.5459   1.322E+01   0.8110   0.1437   1.517E-17   4.97250614E+00   1.23783028E+01
      55       1103.83     0.5356   2.313E+01   1.4000   0.2575   1.536E-17   4.97040462E+00   1.23694252E+01
      60          1200     0.5560   2.385E+01   1.4000   0.2735   1.615E-17   4.96836056E+00   1.23607678E+01
      65       1306.98     0.9217   1.302E+01   0.7988   0.1541   1.477E-17   4.96612198E+00   1.23515889E+01
      70       1403.82     1.0314   2.306E+01   1.4000   0.2807   1.514E-17   4.96411740E+00   1.23432458E+01
      75          1500     0.9182   2.329E+01   1.4000   0.2936   1.600E-17   4.96213516E+00   1.23350000E+01
      80       1605.08     0.8793   1.492E+01   0.9412   0.1991   1.518E-17   4.95996157E+00   1.23261435E+01
      85       1701.46     0.5410   2.125E+01   1.4000   0.2942   1.480E-17   4.95793734E+00   1.23178323E+01
      90          1800     0.4800   2.040E+01   1.4000   0.2913   1.942E-17   4.95580628E+00   1.23096250E+01
      95       1899.74     0.5366   1.964E+01   1.4000   0.2880   1.453E-17   4.95354745E+00   1.23014978E+01
     100       1977.69     0.4697   2.312E+00   0.1724   0.0358   1.708E-17   4.95168410E+00   1.22953204E+01
     105          2040     0.4716   1.808E+01   1.4000   0.3015   1.839E-17   4.95011902E+00   1.22905604E+01
     110       2117.34     0.5393   1.705E+01   1.4000   0.2976   1.908E-17   4.94807371E+00   1.22849763E+01
     115       2192.64     0.4998   1.601E+01   1.4000   0.2911   1.778E-17   4.94597092E+00   1.22800211E+01
     120       2266.68     0.4808   1.332E+01   1.2295   0.2510   1.995E-17   4.94380374E+00   1.22757463E+01
     125       2339.26     0.4659   7.416E-01   0.0717   0.0157   1.854E-17   4.94160013E+00   1.22722312E+01
     130        2397.5     0.4680   2.505E+00   0.2473   0.0560   1.908E-17   4.93978885E+00   1.22699348E+01
     135       2456.59     0.4722   3.413E+00   0.3386   0.0747   2.580E-17   4.93792287E+00   1.22680877E+01
     140       2516.41     0.4863   3.594E+00   0.3579   0.0767   2.212E-17   4.93601353E+00   1.22666582E+01
     145       2575.47     0.4639   4.531E+00   0.4644   0.0979   2.602E-17   4.93411424E+00   1.22655742E+01
     150       2633.93     0.5210   6.073E+00   0.6360   0.1436   2.122E-17   4.93222467E+00   1.22646732E+01
     155       2692.85     0.5440   7.149E+00   0.7765   0.1876   2.429E-17   4.93031314E+00   1.22637633E+01
     160       2750.65     0.5370   9.349E+00   1.0567   0.2588   2.168E-17   4.92843313E+00   1.22627211E+01
     165          2809     0.4768   1.100E+01   1.2717   0.3315   2.385E-17   4.92653189E+00   1.22613662E+01
     170       2868.01     0.4572   1.193E+01   1.4000   0.3513   2.250E-17   4.92460786E+00   1.22595067E+01
     175       2915.67     0.4727   1.186E+01   1.4000   0.3474   2.168E-17   4.92305547E+00   1.22575673E+01
     180       2963.74     0.5943   1.188E+01   1.4000   0.3372   2.862E-17   4.92149310E+00   1.22551903E+01
     185       3011.92     0.5342   1.200E+01   1.4000   0.3124   2.212E-17   4.91993235E+00   1.22523407E+01
     190          3060     0.3847   1.192E+01   1.4000   0.3210   2.429E-17   4.91838134E+00   1.22490946E+01
     195       3119.45     0.4671   5.540E-01   0.0653   0.0149   2.862E-17   4.91647424E+00   1.22447621E+01
     200       3167.69     0.4735   1.199E+01   1.4000   0.3108   2.342E-17   4.91493685E+00   1.22411680E+01
     205       3216.29     0.4654   1.205E+01   1.4000   0.3077   2.320E-17   4.91339896E+00   1.22374962E+01
     210       3274.99     0.4610   1.139E+01   1.4000   0.2930   2.255E-17   4.91155853E+00   1.22329667E+01
     215       3322.34     0.4782   1.102E+01   1.4000   0.2817   2.429E-17   4.91008741E+00   1.22291418E+01
     220       3370.85     0.4622   1.094E+01   1.4000   0.2750   2.385E-17   4.90859167E+00   1.22249422E+01
     225          3420     0.4131   1.109E+01   1.4000   0.3109   2.505E-17   4.90708666E+00   1.22202092E+01
     230       3476.07     0.4546   3.931E+00   0.4929   0.1150   2.309E-17   4.90538087E+00   1.22139346E+01
     235       3524.23     0.4681   1.096E+01   1.4000   0.3159   2.342E-17   4.90392353E+00   1.22079399E+01
     240        3572.8     0.4747   1.099E+01   1.4000   0.3156   2.320E-17   4.90245935E+00   1.22012799E+01
     245       3622.04     0.5000   1.114E+01   1.4000   0.3003   2.515E-17   4.90097847E+00   1.21939160E+01
     250       3671.23     0.4700   1.136E+01   1.4000   0.2983   2.776E-17   4.89949972E+00   1.21859116E+01
     255          3720     0.4073   1.162E+01   1.4000   0.3267   2.429E-17   4.89803296E+00   1.21773715E+01
     260       3778.77     0.4809   1.235E+00   0.1447   0.0346   2.255E-17   4.89626324E+00   1.21665302E+01
     265       3828.22     0.4817   1.178E+01   1.3679   0.3189   1.984E-17   4.89477258E+00   1.21573904E+01
     270       3887.11     0.4780   1.142E+01   1.4000   0.2778   2.364E-17   4.89299813E+00   1.21468819E+01
     275       3933.43     0.4567   1.096E+01   1.4000   0.2578   2.212E-17   4.89160540E+00   1.21390177E+01
     280       3981.86     0.4820   1.102E+01   1.4000   0.2538   2.082E-17   4.89015402E+00   1.21311008E+01
     285       4031.21     0.4588   1.139E+01   1.4000   0.2803   2.190E-17   4.88868326E+00   1.21232233E+01
     290          4080     0.4146   1.153E+01   1.4000   0.2949   1.941E-17   4.88723849E+00   1.21155510E+01
     295        4138.3     0.4712   1.702E+00   0.2051   0.0436   2.342E-17   4.88552613E+00   1.21064458E+01
     300       4186.43     0.4695   1.165E+01   1.4000   0.2931   2.255E-17   4.88412366E+00   1.20989772E+01
     305       4235.18     0.4673   1.183E+01   1.4000   0.2724   2.299E-17   4.88271284E+00   1.20913970E+01
     310       4283.83     0.5045   1.183E+01   1.4000   0.2723   2.450E-17   4.88131378E+00   1.20839174E+01
     315       4331.75     0.4843   1.171E+01   1.4000   0.2767   2.559E-17   4.87994301E+00   1.20767884E+01
     320          4380     0.4132   1.146E+01   1.4000   0.2665   2.038E-17   4.87856986E+00   1.20699206E+01
     325       4436.73     0.4781   3.271E+00   0.4064   0.0771   2.038E-17   4.87696386E+00   1.20621647E+01
     330       4484.91     0.5029   1.115E+01   1.4000   0.2685   2.147E-17   4.87560725E+00   1.20558073E+01
     335       4533.38     0.4748   1.115E+01   1.4000   0.2728   2.120E-17   4.87425012E+00   1.20495845E+01
     340       4582.39     0.4789   1.123E+01   1.4000   0.2696   2.299E-17   4.87288579E+00   1.20435118E+01
     345       4631.36     0.4830   1.142E+01   1.4000   0.2644   1.908E-17   4.87153043E+00   1.20377284E+01
     350          4680     0.4091   1.188E+01   1.4000   0.2660   2.082E-17   4.87019207E+00   1.20322963E+01
     355       4739.93     0.4853   7.310E-02   0.0085   0.0018   2.125E-17   4.86855397E+00   1.20261487E+01
     360       4787.66     0.4711   1.187E+01   1.4000   0.2791   2.385E-17   4.86725717E+00   1.20218255E+01
     365       4835.36     0.4641   1.168E+01   1.4000   0.2801   2.537E-17   4.86596796E+00   1.20179179E+01
     370       4882.95     0.4529   1.148E+01   1.4000   0.2925   2.602E-17   4.86468901E+00   1.20142696E+01
     375       4931.58     0.4651   1.154E+01   1.4000   0.3054   2.342E-17   4.86339017E+00   1.20106388E+01
     380          4980     0.4079   1.102E+01   1.4000   0.3064   2.391E-17   4.86210648E+00   1.20071271E+01
     385       5034.42     0.4942   5.581E+00   0.7290   0.1570   2.342E-17   4.86067626E+00   1.20032737E+01
     390       5082.73     0.4873   1.070E+01   1.4000   0.2954   2.082E-17   4.85941822E+00   1.19998992E+01
     395       5131.53     0.4864   1.040E+01   1.4000   0.2776   2.342E-17   4.85815838E+00   1.19964739E+01
     400        5181.1     0.4833   1.056E+01   1.4000   0.2647   2.082E-17   4.85688882E+00   1.19929760E+01
     405       5231.08     0.4872   1.118E+01   1.4000   0.2736   2.212E-17   4.85561830E+00   1.19893880E+01
     410          5280     0.4236   1.170E+01   1.4000   0.2822   2.402E-17   4.85438205E+00   1.19857741E+01
     415       5339.06     0.4811   9.391E-01   0.1097   0.0220   2.255E-17   4.85289876E+00   1.19813805E+01
     420       5387.75     0.4982   1.170E+01   1.4000   0.2868   2.255E-17   4.85168279E+00   1.19779543E+01
     425       5434.82     0.4865   1.134E+01   1.4000   0.2980   2.429E-17   4.85051203E+00   1.19749839E+01
     430       5481.47     0.4834   1.047E+01   1.4000   0.2832   2.125E-17   4.84935539E+00   1.19724862E+01
     435       5529.84     0.4858   9.887E+00   1.4000   0.2695   2.300E-17   4.84815778E+00   1.19702703E+01
     440       5578.32     0.4136   1.681E+00   0.2472   0.0432   2.177E-17   4.84695816E+00   1.19681480E+01
     445        5618.2     0.4810   9.500E+00   1.4000   0.2362   2.689E-17   4.84597092E+00   1.19663611E+01
     450       5659.09     0.4669   9.591E+00   1.4000   0.2420   3.123E-17   4.84495736E+00   1.19644191E+01
     455          5700     0.4188   9.922E+00   1.4000   0.2500   2.515E-17   4.84394133E+00   1.19623333E+01
     460       5750.34     0.4963   9.659E+00   1.2914   0.2618   2.862E-17   4.84268596E+00   1.19595238E+01
     465       5801.93     0.4667   1.037E+01   1.4000   0.2903   2.429E-17   4.84139111E+00   1.19564571E+01
     470       5851.37     0.4981   1.048E+01   1.4000   0.2864   2.429E-17   4.84014047E+00   1.19534148E+01
     475       5901.43     0.4863   1.085E+01   1.4000   0.2743   2.342E-17   4.83886302E+00   1.19502697E+01
     480          5951     0.4873   1.090E+01   1.4000   0.2755   2.114E-17   4.83758593E+00   1.19472661E+01
     485          6000     0.4181   1.063E+01   1.4000   0.2730   2.103E-17   4.83631109E+00   1.19445870E+01
     490       6052.92     0.4912   7.080E+00   0.9323   0.1872   2.342E-17   4.83491973E+00   1.19418749E+01
     495       6102.81     0.4883   1.081E+01   1.4000   0.3003   2.093E-17   4.83359391E+00   1.19393553E+01
     500       6150.97     0.4847   1.013E+01   1.4000   0.2689   2.429E-17   4.83230229E+00   1.19367428E+01
     505       6200.04     0.4864   1.019E+01   1.4000   0.2826   2.819E-17   4.83097501E+00   1.19337403E+01
     510       6250.31     0.4613   1.042E+01   1.4000   0.3082   2.385E-17   4.82960524E+00   1.19301493E+01
     515          6300     0.4043   9.708E+00   1.4000   0.2675   2.817E-17   4.82824331E+00   1.19260228E+01
     520       6347.82     0.4826   9.356E+00   1.4000   0.2552   2.689E-17   4.82692716E+00   1.19215177E+01
     525       6387.84     0.4976   9.304E+00   1.4000   0.2667   2.255E-17   4.82582272E+00   1.19175469E+01
     530        6429.4     0.4741   9.222E+00   1.4000   0.2729   2.342E-17   4.82467384E+00   1.19134058E+01
     535       6475.48     0.4081   4.521E+00   0.6849   0.1326   2.613E-17   4.82339770E+00   1.19088275E+01
     540       6517.28     0.4685   9.528E+00   1.4000   0.2638   2.667E-17   4.82223787E+00   1.19046747E+01
     545       6559.34     0.4978   9.601E+00   1.4000   0.2656   2.645E-17   4.82106870E+00   1.19004825E+01
     550          6600     0.4098   9.863E+00   1.4000   0.2657   2.299E-17   4.81993614E+00   1.18965565E+01
     555       6650.48     0.4892   9.521E+00   1.2841   0.2672   2.255E-17   4.81852621E+00   1.18918864E+01
     560       6700.41     0.4812   9.977E+00   1.4000   0.3034   2.949E-17   4.81712714E+00   1.18874238E+01
     565       6749.94     0.4816   9.844E+00   1.4000   0.3448   2.255E-17   4.81573482E+00   1.18828353E+01
     570       6789.36     0.4850   9.360E+00   1.4000   0.3476   2.429E-17   4.81462471E+00   1.18790462E+01
     575       6835.92     0.4206   4.081E+00   0.6043   0.1311   2.429E-17   4.81331123E+00   1.18743788E+01
     580       6877.08     0.4827   9.232E+00   1.4000   0.2954   2.570E-17   4.81214894E+00   1.18701701E+01
     585       6918.73     0.4814   9.264E+00   1.4000   0.2755   2.515E-17   4.81097179E+00   1.18660027E+01
     590          6960     0.4153   9.516E+00   1.4000   0.2763   2.559E-17   4.80980560E+00   1.18621478E+01
     595       7008.34     0.4764   9.871E+00   1.4000   0.3117   2.689E-17   4.80844010E+00   1.18578451E+01
     600       7049.47     0.4946   9.800E+00   1.4000   0.3152   2.255E-17   4.80727972E+00   1.18542679E+01
     605       7089.97     0.4555   9.886E+00   1.4000   0.3259   2.602E-17   4.80613924E+00   1.18506467E+01
     610          7140     0.4056   1.008E+01   1.4000   0.3183   2.472E-17   4.80473536E+00   1.18461412E+01
     615        7191.2     0.4647   8.805E+00   1.2090   0.2731   2.472E-17   4.80330644E+00   1.18419568E+01
     620        7240.4     0.5019   9.897E+00   1.4000   0.2861   2.374E-17   4.80194297E+00   1.18387161E+01
     625       7289.24     0.4919   9.621E+00   1.4000   0.2890   2.862E-17   4.80059933E+00   1.18360609E+01
     630       7329.53     0.4807   9.493E+00   1.4000   0.2968   2.450E-17   4.79949768E+00   1.18340753E+01
     635       7376.79     0.4288   3.207E+00   0.4746   0.0907   3.036E-17   4.79821193E+00   1.18317017E+01
     640       7417.96     0.4817   9.414E+00   1.4000   0.2688   2.515E-17   4.79709634E+00   1.18295029E+01
     645       7459.14     0.4655   9.602E+00   1.4000   0.2884   2.834E-17   4.79598287E+00   1.18269436E+01
     650          7500     0.3970   9.599E+00   1.4000   0.2769   2.721E-17   4.79487969E+00   1.18238160E+01
     655       7547.87     0.4994   9.612E+00   1.4000   0.2904   2.450E-17   4.79358908E+00   1.18193232E+01
     660       7588.46     0.4883   9.311E+00   1.4000   0.2906   2.819E-17   4.79249628E+00   1.18149233E+01
     665       7629.42     0.4741   9.624E+00   1.4000   0.3139   2.429E-17   4.79139540E+00   1.18098268E+01
     670       7677.56     0.4125   2.439E+00   0.3510   0.0802   2.776E-17   4.79010439E+00   1.18027192E+01
     675       7719.06     0.4895   9.826E+00   1.4000   0.3107   2.255E-17   4.78899445E+00   1.17958329E+01
     680       7759.92     0.4843   1.015E+01   1.4000   0.3157   2.261E-17   4.78790469E+00   1.17888231E+01
     685        7810.2     0.4644   1.019E+01   1.4000   0.3023   3.036E-17   4.78656762E+00   1.17805758E+01
     690          7860     0.4156   1.006E+01   1.4000   0.2931   2.494E-17   4.78524644E+00   1.17731087E+01
     695       7909.89     0.4788   9.747E+00   1.4000   0.2755   2.168E-17   4.78392391E+00   1.17660109E+01
     700       7949.01     0.4914   9.626E+00   1.4000   0.2915   2.862E-17   4.78288623E+00   1.17606475E+01
     705       7989.46     0.5018   9.493E+00   1.4000   0.3044   2.515E-17   4.78181297E+00   1.17554471E+01
     710       8036.53     0.4288   3.469E+00   0.5250   0.1173   2.364E-17   4.78056328E+00   1.17498794E+01
     715       8077.39     0.4772   9.279E+00   1.4000   0.3154   2.515E-17   4.77947874E+00   1.17453844E+01
     720       8118.85     0.4897   9.783E+00   1.4000   0.3250   2.515E-17   4.77837934E+00   1.17409551E+01
     725          8160     0.4086   9.570E+00   1.4000   0.3397   2.689E-17   4.77728947E+00   1.17366257E+01
     730       8207.76     0.4833   9.507E+00   1.4000   0.3060   2.580E-17   4.77602641E+00   1.17319658E+01
     735       8248.22     0.4628   9.487E+00   1.4000   0.3069   2.776E-17   4.77495818E+00   1.17285242E+01
     740       8289.21     0.5001   9.173E+00   1.4000   0.2929   2.645E-17   4.77387687E+00   1.17253238E+01
     745       8335.14     0.4255   4.862E+00   0.7482   0.1710   2.602E-17   4.77266538E+00   1.17216615E+01
     750       8376.45     0.4719   9.231E+00   1.4000   0.3285   2.732E-17   4.77157426E+00   1.17181932E+01
     755       8418.34     0.4770   9.209E+00   1.4000   0.2952   2.559E-17   4.77046401E+00   1.17144674E+01
     760          8460     0.4186   9.334E+00   1.4000   0.3004   2.320E-17   4.76935477E+00   1.17106203E+01
     765       8507.05     0.4916   9.510E+00   1.4000   0.2981   2.602E-17   4.76809427E+00   1.17061282E+01
     770       8549.31     0.4813   9.967E+00   1.4000   0.2892   2.667E-17   4.76695526E+00   1.17021565E+01
     775       8590.23     0.4858   1.035E+01   1.4000   0.3031   2.429E-17   4.76584646E+00   1.16984949E+01
     780          8640     0.4149   1.024E+01   1.4000   0.3331   2.299E-17   4.76449152E+00   1.16948512E+01
     785       8690.85     0.4861   9.148E+00   1.2748   0.3346   2.450E-17   4.76310191E+00   1.16922041E+01
     790       8740.55     0.4826   1.007E+01   1.4000   0.3461   2.515E-17   4.76174042E+00   1.16903892E+01
     795       8789.85     0.5027   1.034E+01   1.4000   0.3223   2.342E-17   4.76038670E+00   1.16888373E+01
     800       8840.46     0.4859   1.033E+01   1.4000   0.3159   2.342E-17   4.75899470E+00   1.16873842E+01
     805       8889.93     0.4872   9.913E+00   1.4000   0.2990   2.429E-17   4.75763300E+00   1.16863793E+01
     810       8938.97     0.4206   1.031E+00   0.1477   0.0306   2.472E-17   4.75628356E+00   1.16856466E+01
     815       8978.65     0.4890   9.538E+00   1.4000   0.3035   2.559E-17   4.75519240E+00   1.16851050E+01
     820       9019.35     0.4801   9.719E+00   1.4000   0.3125   2.862E-17   4.75407342E+00   1.16845900E+01
     825          9060     0.4295   9.440E+00   1.4000   0.3192   2.147E-17   4.75295484E+00   1.16842122E+01
     830       9107.49     0.5788   9.273E+00   1.4000   0.3115   2.689E-17   4.75164538E+00   1.16838247E+01
     835       9147.04     0.5707   8.912E+00   1.4000   0.2861   2.342E-17   4.75055103E+00   1.16834190E+01
     840       9188.61     0.4733   8.535E+00   1.4000   0.2746   2.429E-17   4.74939624E+00   1.16825768E+01
     845       9231.53     0.4065   8.468E+00   1.3530   0.2597   2.776E-17   4.74819774E+00   1.16809091E+01
     850       9275.43     0.4774   9.062E+00   1.4000   0.2990   2.515E-17   4.74696586E+00   1.16780828E+01
     855       9319.26     0.4898   9.587E+00   1.4000   0.3293   2.776E-17   4.74573017E+00   1.16739437E+01
     860          9360     0.4059   9.401E+00   1.4000   0.3106   2.776E-17   4.74457842E+00   1.16691231E+01
     865       9407.82     0.4944   9.569E+00   1.4000   0.3322   2.776E-17   4.74322443E+00   1.16629750E+01
     870        9448.7     0.4976   9.563E+00   1.4000   0.3683   2.548E-17   4.74206741E+00   1.16579926E+01
     875       9489.65     0.4805   9.633E+00   1.4000   0.3196   2.776E-17   4.74091006E+00   1.16533607E+01
     880       9538.32     0.3919   1.678E+00   0.2394   0.0561   2.483E-17   4.73953832E+00   1.16481002E+01
     885       9578.84     0.4742   9.591E+00   1.4000   0.3233   2.689E-17   4.73840095E+00   1.16440065E+01
     890       9618.94     0.4885   9.352E+00   1.4000   0.3421   2.776E-17   4.73728037E+00   1.16402930E+01
     895          9660     0.4166   9.351E+00   1.4000   0.3085   2.689E-17   4.73613826E+00   1.16368191E+01
     900       9707.34     0.4783   9.371E+00   1.4000   0.3051   2.624E-17   4.73482910E+00   1.16328611E+01
     905       9747.84     0.4837   9.266E+00   1.4000   0.3212   2.472E-17   4.73371485E+00   1.16293889E+01
     910       9788.88     0.4832   8.909E+00   1.4000   0.3003   2.299E-17   4.73259161E+00   1.16254752E+01
     915       9833.68     0.4208   6.319E+00   0.9879   0.2284   2.602E-17   4.73137195E+00   1.16204502E+01
     920       9875.65     0.4942   9.151E+00   1.4000   0.3401   2.992E-17   4.73023551E+00   1.16152109E+01
     925       9918.33     0.4758   9.298E+00   1.4000   0.3423   2.559E-17   4.72908554E+00   1.16094410E+01
     930          9960     0.4028   9.534E+00   1.4000   0.3317   2.342E-17   4.72796872E+00   1.16035975E+01
     935       10007.4     0.4830   9.643E+00   1.4000   0.3215   2.342E-17   4.72670783E+00   1.15969202E+01
     940       10047.9     0.4851   9.163E+00   1.4000   0.2849   2.429E-17   4.72563699E+00   1.15915439E+01
     945       10089.4     0.4981   9.232E+00   1.4000   0.2801   2.602E-17   4.72455271E+00   1.15865319E+01
     950       10136.3     0.4756   3.677E+00   0.5272   0.1124   2.819E-17   4.72333958E+00   1.15813891E+01
     955       10179.6     0.5244   9.909E+00   1.4000   0.3287   2.429E-17   4.72223524E+00   1.15771391E+01
     960         10219     0.4989   9.517E+00   1.4000   0.3397   2.906E-17   4.72124283E+00   1.15736978E+01
     965         10260     0.4114   9.341E+00   1.4000   0.3332   2.255E-17   4.72022173E+00   1.15705746E+01
     970       10306.7     0.4697   9.331E+00   1.4000   0.2913   2.903E-17   4.71907265E+00   1.15673449E+01
     975       10348.6     0.4858   9.790E+00   1.4000   0.2926   2.515E-17   4.71805467E+00   1.15647013E+01
     980       10389.8     0.4851   9.787E+00   1.4000   0.2964   2.906E-17   4.71706586E+00   1.15622295E+01
     985       10438.4     0.4067   1.610E+00   0.2324   0.0533   2.862E-17   4.71591050E+00   1.15596514E+01
     990       10478.4     0.4847   9.567E+00   1.4000   0.3596   2.776E-17   4.71496937E+00   1.15580644E+01
     995       10519.2     0.4858   9.513E+00   1.4000   0.3729   2.472E-17   4.71401658E+00   1.15568779E+01
    1000         10560     0.4235   9.430E+00   1.4000   0.3561   2.602E-17   4.71306769E+00   1.15558957E+01
    1005       10607.4     0.4725   9.357E+00   1.4000   0.3440   2.776E-17   4.71197058E+00   1.15547030E+01
    1010       10647.8     0.4914   9.157E+00   1.4000   0.3075   4.098E-17   4.71103572E+00   1.15535493E+01
    1015       10689.2     0.4852   9.396E+00   1.4000   0.3194   2.949E-17   4.71007374E+00   1.15519347E+01
    1020       10736.2     0.4236   3.813E+00   0.5625   0.1458   2.906E-17   4.70897864E+00   1.15492173E+01
    1025       10777.9     0.4850   9.484E+00   1.4000   0.2995   2.418E-17   4.70800058E+00   1.15463414E+01
    1028         10800     0.2766   9.414E+00   1.4000   0.3173   2.776E-17   4.70747965E+00   1.15448122E+01
    ITER          TIME      CPUDT          DT      CFL     DNUM         DIV              MOM              TKE
    1030       10818.6     0.1956   9.602E+00   1.4000   0.3352   2.862E-17   4.70703938E+00   1.15435161E+01
    1035         10860     0.4454   9.400E+00   1.4000   0.3063   2.949E-17   4.70605849E+00   1.15409723E+01
    1040       10906.6     0.4982   9.040E+00   1.4000   0.2941   2.786E-17   4.70494842E+00   1.15385930E+01
    1045       10946.8     0.4942   8.784E+00   1.4000   0.2918   2.559E-17   4.70398780E+00   1.15369099E+01
    1050       10988.7     0.4844   8.666E+00   1.4000   0.3051   2.602E-17   4.70298519E+00   1.15352436E+01
    1055       11031.9     0.4288   8.088E+00   1.2854   0.2891   2.862E-17   4.70194957E+00   1.15336522E+01
    1060         11074     0.5553   8.102E+00   1.4000   0.2847   2.748E-17   4.70094262E+00   1.15325419E+01
    1065       11107.9     0.5057   7.707E+00   1.4000   0.2512   2.841E-17   4.70013328E+00   1.15321121E+01
    1070       11146.2     0.4799   7.556E+00   1.4000   0.2547   4.578E-17   4.69922506E+00   1.15319684E+01
    1075       11182.7     0.5069   7.530E+00   1.4000   0.2633   3.253E-17   4.69836625E+00   1.15320291E+01
    1080         11220     0.4320   7.754E+00   1.4000   0.2861   3.513E-17   4.69749842E+00   1.15320709E+01
    1085       11258.8     0.4877   7.957E+00   1.4000   0.3143   3.730E-17   4.69660488E+00   1.15318385E+01
    1090       11295.9     0.4927   7.894E+00   1.4000   0.3121   3.990E-17   4.69575736E+00   1.15311908E+01
    1095       11335.9     0.4028   4.145E+00   0.7173   0.1681   3.296E-17   4.69484904E+00   1.15297583E+01
    1100       11372.9     0.4975   8.571E+00   1.4000   0.3506   2.949E-17   4.69400949E+00   1.15278149E+01
    1105         11409     0.4910   8.863E+00   1.4000   0.3355   2.960E-17   4.69319263E+00   1.15256003E+01
    1110       11453.8     0.4472   6.201E+00   1.0132   0.2153   2.776E-17   4.69217688E+00   1.15232218E+01
    1115       11492.5     0.5039   7.762E+00   1.4000   0.2810   2.862E-17   4.69129602E+00   1.15220938E+01
    1120       11527.6     0.4910   7.744E+00   1.4000   0.2820   2.957E-17   4.69049165E+00   1.15214707E+01
    1125       11565.9     0.4228   7.619E+00   1.4000   0.2816   2.711E-17   4.68960721E+00   1.15205209E+01
    1130       11603.2     0.5091   7.681E+00   1.4000   0.2665   3.468E-17   4.68874073E+00   1.15188664E+01
    1135         11640     0.4392   7.978E+00   1.4000   0.2614   2.721E-17   4.68787524E+00   1.15164752E+01
    1140       11679.5     0.4807   7.880E+00   1.4000   0.2626   2.938E-17   4.68693765E+00   1.15135283E+01
    1145       11716.1     0.5062   8.262E+00   1.4000   0.2831   2.515E-17   4.68605784E+00   1.15109147E+01
    1150       11757.8     0.4082   2.222E+00   0.3678   0.0780   2.949E-17   4.68504637E+00   1.15080274E+01
    1155       11794.5     0.5153   8.553E+00   1.4000   0.3159   2.927E-17   4.68414547E+00   1.15053774E+01
    1160       11837.3     0.5121   8.898E+00   1.4000   0.3289   3.296E-17   4.68308277E+00   1.15019449E+01
    1165         11880     0.4302   8.442E+00   1.4000   0.3265   3.079E-17   4.68201134E+00   1.14981039E+01
    1170       11921.6     0.4831   8.154E+00   1.4000   0.3026   2.862E-17   4.68095783E+00   1.14939960E+01
    1175       11956.4     0.4973   8.345E+00   1.4000   0.2856   2.862E-17   4.68006674E+00   1.14903365E+01
    1180       11998.7     0.4325   1.331E+00   0.2137   0.0440   2.906E-17   4.67897660E+00   1.14856298E+01
    1185       12035.3     0.4886   8.988E+00   1.4000   0.3068   3.529E-17   4.67802375E+00   1.14814448E+01
    1190       12078.4     0.4984   8.855E+00   1.4000   0.3260   2.602E-17   4.67689458E+00   1.14766751E+01
    1195         12120     0.4357   8.405E+00   1.4000   0.2969   2.862E-17   4.67580180E+00   1.14725499E+01
    1200       12162.4     0.4944   8.471E+00   1.4000   0.2882   2.689E-17   4.67468398E+00   1.14688229E+01
    1205       12197.2     0.4967   8.440E+00   1.4000   0.3010   2.927E-17   4.67376895E+00   1.14660993E+01
    1210       12239.2     0.4345   8.416E-01   0.1420   0.0297   4.250E-17   4.67266465E+00   1.14629176E+01
    1215       12273.6     0.5070   8.421E+00   1.4000   0.2800   3.426E-17   4.67176165E+00   1.14601275E+01
    1220       12308.5     0.4938   8.658E+00   1.4000   0.2951   2.515E-17   4.67084908E+00   1.14569678E+01
    1225         12351     0.4341   8.340E+00   1.4000   0.2922   3.209E-17   4.66974181E+00   1.14525898E+01
    1230       12384.6     0.5565   8.211E+00   1.4000   0.2742   3.383E-17   4.66887436E+00   1.14487149E+01
    1235         12420     0.5067   8.000E+00   1.4000   0.2670   3.686E-17   4.66796310E+00   1.14441282E+01
    1240       12460.3     0.5451   8.139E+00   1.4000   0.2679   3.804E-17   4.66692999E+00   1.14381526E+01
    1245       12496.4     0.5089   8.236E+00   1.4000   0.2690   3.231E-17   4.66600925E+00   1.14322014E+01
    1250       12538.2     0.4415   1.838E+00   0.3025   0.0637   2.906E-17   4.66494750E+00   1.14247186E+01
    1255       12573.7     0.5326   8.311E+00   1.4000   0.2916   4.006E-17   4.66404403E+00   1.14182632E+01
    1260         12608     0.5418   7.781E+00   1.4000   0.2689   2.776E-17   4.66317031E+00   1.14123287E+01
    1265       12646.4     0.4516   7.624E+00   1.4000   0.2461   3.274E-17   4.66218731E+00   1.14064694E+01
    1270         12683     0.5288   7.558E+00   1.4000   0.2350   3.057E-17   4.66124893E+00   1.14019977E+01
    1275       12719.9     0.4753   9.421E-02   0.0179   0.0029   2.776E-17   4.66030224E+00   1.13986947E+01
    1280       12749.6     0.5249   7.598E+00   1.4000   0.2424   3.079E-17   4.65953985E+00   1.13968472E+01
    1285       12787.6     0.5350   7.581E+00   1.4000   0.2454   3.816E-17   4.65856140E+00   1.13954481E+01
    1290       12826.4     0.4342   7.899E+00   1.4000   0.2872   2.689E-17   4.65756827E+00   1.13952546E+01
    1295       12863.9     0.5247   8.010E+00   1.4000   0.3012   2.971E-17   4.65661208E+00   1.13964659E+01
    1300         12900     0.4648   8.219E+00   1.4000   0.3191   2.884E-17   4.65569754E+00   1.13989759E+01
    1305         12941     0.5065   8.163E+00   1.4000   0.3012   2.721E-17   4.65466935E+00   1.14029747E+01
    1310       12975.9     0.4799   7.731E+00   1.4000   0.2674   2.808E-17   4.65379960E+00   1.14067820E+01
    1315       13014.9     0.4269   5.114E+00   0.9125   0.1734   3.047E-17   4.65283982E+00   1.14105246E+01
    1320         13052     0.5131   8.350E+00   1.4000   0.2947   2.645E-17   4.65193394E+00   1.14131360E+01
    1325       13088.7     0.4825   8.822E+00   1.4000   0.3272   3.730E-17   4.65104365E+00   1.14147087E+01
    1330       13133.2     0.4253   6.823E+00   1.0957   0.2801   3.253E-17   4.64997696E+00   1.14156724E+01
    1335       13174.7     0.4914   8.823E+00   1.4000   0.3672   2.922E-17   4.64898959E+00   1.14161046E+01
    1340         13217     0.5068   8.426E+00   1.4000   0.3182   2.992E-17   4.64798846E+00   1.14159875E+01
    1345       13259.4     0.4231   5.832E-01   0.0941   0.0210   3.253E-17   4.64699102E+00   1.14154062E+01
    1350       13294.8     0.5405   8.561E+00   1.4000   0.3149   2.732E-17   4.64616194E+00   1.14147652E+01
    1355       13336.5     0.5128   8.139E+00   1.4000   0.3284   3.361E-17   4.64518642E+00   1.14142376E+01
    1360       13377.3     0.4305   2.710E+00   0.4614   0.0974   4.337E-17   4.64423109E+00   1.14142153E+01
    1365       13412.9     0.5025   8.178E+00   1.4000   0.2894   3.556E-17   4.64339561E+00   1.14144346E+01
    1370       13448.2     0.4945   8.200E+00   1.4000   0.3065   3.102E-17   4.64256456E+00   1.14142131E+01
    1375       13490.6     0.4286   8.733E+00   1.4000   0.3458   3.329E-17   4.64156537E+00   1.14122459E+01
    1380       13526.1     0.5143   8.636E+00   1.4000   0.3495   3.123E-17   4.64072697E+00   1.14089509E+01
    1385         13569     0.5089   9.019E+00   1.4000   0.3257   2.624E-17   4.63971058E+00   1.14035712E+01
    1390       13613.5     0.5118   6.525E+00   1.0541   0.2236   2.949E-17   4.63865387E+00   1.13974757E+01
    1395       13654.3     0.5592   8.560E+00   1.4000   0.3327   3.459E-17   4.63768150E+00   1.13921736E+01
    1400       13688.2     0.5038   8.305E+00   1.4000   0.3202   3.372E-17   4.63687326E+00   1.13876982E+01
    1405       13729.1     0.4277   8.001E+00   1.4000   0.2819   3.697E-17   4.63589935E+00   1.13817129E+01
    1410       13763.8     0.4812   7.717E+00   1.4000   0.2953   3.440E-17   4.63507166E+00   1.13758819E+01
    1415         13800     0.4200   7.658E+00   1.4000   0.2757   2.689E-17   4.63421185E+00   1.13692795E+01
    1420       13839.3     0.5200   7.834E+00   1.4000   0.2921   3.209E-17   4.63327988E+00   1.13619580E+01
    1425       13876.1     0.4947   8.030E+00   1.4000   0.2937   3.469E-17   4.63240653E+00   1.13554174E+01
    1430       13916.6     0.4065   3.364E+00   0.5708   0.1131   3.513E-17   4.63144717E+00   1.13484586E+01
    1435       13952.5     0.5010   8.395E+00   1.4000   0.2881   3.643E-17   4.63060189E+00   1.13425215E+01
    1440       13988.5     0.4818   8.443E+00   1.4000   0.3141   2.645E-17   4.62975739E+00   1.13368855E+01
    1445       14031.1     0.4214   8.297E+00   1.4000   0.3068   2.971E-17   4.62876486E+00   1.13311018E+01
    1450       14064.7     0.4934   8.237E+00   1.4000   0.2927   3.068E-17   4.62798756E+00   1.13276738E+01
    1455         14100     0.4306   7.946E+00   1.4000   0.2817   2.992E-17   4.62717781E+00   1.13251567E+01
    1460       14139.4     0.4923   7.979E+00   1.4000   0.2814   3.600E-17   4.62628054E+00   1.13233117E+01
    1465       14176.3     0.5011   8.176E+00   1.4000   0.3228   3.469E-17   4.62544611E+00   1.13220232E+01
    1470         14217     0.4240   3.011E+00   0.5101   0.1200   3.296E-17   4.62452904E+00   1.13206190E+01
    1475       14253.6     0.4790   8.569E+00   1.4000   0.3157   3.426E-17   4.62370964E+00   1.13193351E+01
    1480       14288.7     0.4774   8.624E+00   1.4000   0.3206   3.123E-17   4.62292727E+00   1.13180535E+01
    1485       14331.4     0.4425   8.285E+00   1.4000   0.3118   3.556E-17   4.62198094E+00   1.13165214E+01
    1490       14364.3     0.5130   8.029E+00   1.4000   0.3121   3.838E-17   4.62125400E+00   1.13151688E+01
    1495         14400     0.4261   7.559E+00   1.4000   0.3185   3.123E-17   4.62046876E+00   1.13132901E+01
    1500       14437.5     0.4989   7.373E+00   1.4000   0.3638   3.567E-17   4.61964147E+00   1.13105230E+01
    1505       14467.4     0.5154   7.450E+00   1.4000   0.3230   3.578E-17   4.61897827E+00   1.13077268E+01
    1510       14505.6     0.4214   7.701E+00   1.4000   0.3062   2.949E-17   4.61812777E+00   1.13033863E+01
    1515       14543.3     0.5074   7.873E+00   1.4000   0.3028   3.643E-17   4.61727834E+00   1.12984244E+01
    1520         14580     0.4845   8.184E+00   1.4000   0.3194   3.014E-17   4.61644548E+00   1.12935474E+01
    1525       14621.7     0.5145   8.323E+00   1.4000   0.3046   3.079E-17   4.61548901E+00   1.12887720E+01
    1530       14656.5     0.5038   8.198E+00   1.4000   0.3342   3.946E-17   4.61468413E+00   1.12860939E+01
    1535       14696.6     0.4358   3.366E+00   0.5963   0.1490   3.459E-17   4.61374644E+00   1.12843699E+01
    1540       14731.1     0.4955   7.738E+00   1.4000   0.3398   3.491E-17   4.61293498E+00   1.12833180E+01
    1545       14767.8     0.4932   7.883E+00   1.4000   0.2937   3.426E-17   4.61206592E+00   1.12814892E+01
    1550       14807.5     0.4197   7.994E+00   1.4000   0.3045   3.383E-17   4.61112277E+00   1.12778628E+01
    1555       14844.6     0.4930   8.269E+00   1.4000   0.3100   3.036E-17   4.61023595E+00   1.12732129E+01
    1560         14880     0.4308   8.326E+00   1.4000   0.3021   3.133E-17   4.60939063E+00   1.12682417E+01
    1565       14921.3     0.4988   8.268E+00   1.4000   0.3330   3.556E-17   4.60840491E+00   1.12623155E+01
    1570       14956.6     0.4939   8.507E+00   1.4000   0.3119   2.654E-17   4.60756322E+00   1.12570591E+01
    1575       14998.8     0.4286   1.231E+00   0.2053   0.0470   2.776E-17   4.60655827E+00   1.12501514E+01
    1580         15033     0.4886   8.291E+00   1.4000   0.3390   2.949E-17   4.60574372E+00   1.12442451E+01
    1585       15068.2     0.4991   7.932E+00   1.4000   0.3236   3.816E-17   4.60491078E+00   1.12382787E+01
    1590       15107.5     0.4482   7.722E+00   1.4000   0.3158   3.296E-17   4.60398069E+00   1.12322152E+01
    1595         15143     0.5347   7.807E+00   1.4000   0.3205   3.762E-17   4.60314089E+00   1.12276862E+01
    1600         15180     0.4726   7.517E+00   1.4000   0.2902   3.469E-17   4.60227180E+00   1.12240640E+01
    1605       15217.7     0.5458   7.531E+00   1.4000   0.2834   3.643E-17   4.60138753E+00   1.12216181E+01
    1610       15247.4     0.6412   7.227E+00   1.4000   0.2678   3.426E-17   4.60069446E+00   1.12206545E+01
    1615       15283.6     0.5175   7.275E+00   1.4000   0.2817   3.469E-17   4.59985233E+00   1.12205724E+01
    1620       15314.7     0.5564   7.580E+00   1.4000   0.2855   3.730E-17   4.59912777E+00   1.12213497E+01
    1625       15352.8     0.5216   7.227E+00   1.3179   0.2827   3.231E-17   4.59823757E+00   1.12229974E+01
    1630       15390.9     0.6113   7.700E+00   1.4000   0.2881   3.621E-17   4.59734119E+00   1.12250430E+01
    1635         15428     0.5694   7.816E+00   1.4000   0.3421   4.424E-17   4.59646222E+00   1.12271804E+01
    1640       15466.5     0.5046   7.590E+00   1.4000   0.3177   3.708E-17   4.59554055E+00   1.12296606E+01
    1645       15502.6     0.5598   7.537E+00   1.4000   0.3253   3.296E-17   4.59466913E+00   1.12325344E+01
    1650       15539.9     0.4658   8.667E-02   0.0163   0.0034   3.188E-17   4.59375998E+00   1.12359693E+01
    1655       15569.9     0.5512   7.498E+00   1.4000   0.3004   3.632E-17   4.59302620E+00   1.12387778E+01
    1660       15607.5     0.5362   7.616E+00   1.4000   0.2922   3.448E-17   4.59210321E+00   1.12417920E+01
    1665       15645.8     0.4569   7.742E+00   1.4000   0.3224   4.250E-17   4.59116413E+00   1.12436304E+01
    1670       15683.3     0.5505   7.796E+00   1.4000   0.3099   3.556E-17   4.59024720E+00   1.12438535E+01
    1675         15720     0.4659   7.649E+00   1.4000   0.2913   2.906E-17   4.58935538E+00   1.12427029E+01
    1680       15758.5     0.5674   7.765E+00   1.4000   0.3049   3.578E-17   4.58842799E+00   1.12406331E+01
    1685       15795.5     0.5872   7.817E+00   1.4000   0.3436   3.838E-17   4.58754643E+00   1.12384547E+01
    1690         15835     0.4685   5.025E+00   0.8586   0.2167   4.033E-17   4.58661599E+00   1.12359197E+01
    1695       15873.1     0.5682   8.043E+00   1.4000   0.3508   3.556E-17   4.58572663E+00   1.12329008E+01
    1700       15907.8     0.5472   7.825E+00   1.4000   0.3048   4.120E-17   4.58492021E+00   1.12292955E+01
    1705       15947.1     0.5560   7.920E+00   1.4000   0.3074   3.361E-17   4.58401415E+00   1.12240199E+01
    1710       15984.3     0.5627   8.058E+00   1.4000   0.3145   3.253E-17   4.58315756E+00   1.12182891E+01
    1715         16020     0.5333   7.988E+00   1.4000   0.3066   2.992E-17   4.58234192E+00   1.12128641E+01
    1720         16060     0.6138   8.027E+00   1.4000   0.3135   3.816E-17   4.58143383E+00   1.12075653E+01
    1725         16096     0.6546   7.960E+00   1.4000   0.2894   3.339E-17   4.58062004E+00   1.12039665E+01
    1730       16136.2     0.5231   3.785E+00   0.6532   0.1406   3.296E-17   4.57971672E+00   1.12012154E+01
    1735       16172.4     0.6239   7.975E+00   1.4000   0.3189   3.036E-17   4.57890319E+00   1.11998580E+01
    1740       16207.7     0.6089   7.798E+00   1.4000   0.3646   3.469E-17   4.57811036E+00   1.11993158E+01
    1745       16245.9     0.4781   7.471E+00   1.4000   0.3406   3.751E-17   4.57724801E+00   1.11990808E+01
    1750       16282.1     0.5422   7.297E+00   1.4000   0.3272   3.643E-17   4.57642977E+00   1.11988812E+01
    1755       16319.2     0.4689   8.258E-01   0.1539   0.0340   3.469E-17   4.57558606E+00   1.11984213E+01
    1760       16350.2     0.5532   7.686E+00   1.4000   0.3065   4.261E-17   4.57487731E+00   1.11978235E+01
    1765       16387.9     0.5323   7.987E+00   1.4000   0.3629   3.600E-17   4.57401069E+00   1.11966227E+01
    1770       16427.4     0.4757   7.866E+00   1.4000   0.3676   3.816E-17   4.57309887E+00   1.11943547E+01
    1775       16463.6     0.5324   7.679E+00   1.4000   0.3100   3.990E-17   4.57225955E+00   1.11914043E+01
    1780         16500     0.4765   7.432E+00   1.4000   0.2942   3.643E-17   4.57141217E+00   1.11879422E+01
    1785       16536.4     0.5422   7.126E+00   1.4000   0.2813   3.621E-17   4.57056256E+00   1.11842000E+01
    1790       16567.1     0.9045   7.067E+00   1.4000   0.2957   2.949E-17   4.56984496E+00   1.11807720E+01
    1795       16602.5     0.5957   7.211E+00   1.4000   0.3407   3.296E-17   4.56901542E+00   1.11760344E+01
    1800       16634.4     0.7079   7.224E+00   1.4000   0.3686   3.778E-17   4.56826964E+00   1.11708521E+01
    1805         16671     0.4496   7.476E+00   1.4000   0.3387   3.857E-17   4.56741672E+00   1.11639956E+01
    1810       16702.9     0.5474   7.745E+00   1.4000   0.3321   3.946E-17   4.56667507E+00   1.11578251E+01
    1815         16740     0.4806   7.432E+00   1.4000   0.3131   3.347E-17   4.56581462E+00   1.11512150E+01
    1820         16776     0.5470   6.890E+00   1.4000   0.2925   3.377E-17   4.56498490E+00   1.11458440E+01
    1825       16806.7     0.5468   6.764E+00   1.4000   0.2669   3.838E-17   4.56427786E+00   1.11418674E+01
    1830       16840.6     0.5038   6.731E+00   1.4000   0.2699   3.686E-17   4.56350251E+00   1.11375674E+01
    1835       16873.6     0.5390   6.767E+00   1.4000   0.2762   3.448E-17   4.56274738E+00   1.11332527E+01
    1840       16907.9     0.4708   7.082E+00   1.4000   0.2838   3.036E-17   4.56196312E+00   1.11287166E+01
    1845       16941.4     0.5626   7.213E+00   1.4000   0.2797   3.426E-17   4.56120129E+00   1.11246308E+01
    1850       16978.2     0.4964   1.773E+00   0.3275   0.0709   3.730E-17   4.56036688E+00   1.11209140E+01
    1855         17011     0.5668   8.109E+00   1.4000   0.3216   3.990E-17   4.55962790E+00   1.11185700E+01
    1860       17048.5     0.5550   8.545E+00   1.4000   0.3391   3.361E-17   4.55878893E+00   1.11169728E+01
    1865       17090.2     0.4574   8.250E+00   1.4000   0.3537   3.643E-17   4.55785988E+00   1.11162852E+01
    1870       17124.9     0.7005   8.312E+00   1.4000   0.3610   3.665E-17   4.55709290E+00   1.11165387E+01
    1875         17160     0.5723   7.990E+00   1.4000   0.3443   2.949E-17   4.55631929E+00   1.11175563E+01
    1880       17199.6     0.8848   7.803E+00   1.4000   0.3229   3.280E-17   4.55545114E+00   1.11195876E+01
    1885       17235.3     0.7332   7.603E+00   1.4000   0.3368   4.424E-17   4.55467253E+00   1.11220825E+01
    1890       17272.7     0.5388   7.283E+00   1.3775   0.2916   4.250E-17   4.55386079E+00   1.11246243E+01
    1895       17309.3     0.6001   7.366E+00   1.4000   0.3119   3.469E-17   4.55307306E+00   1.11262682E+01
    1900         17340     0.5561   7.234E+00   1.4000   0.2935   3.816E-17   4.55241583E+00   1.11266342E+01
    1905       17376.3     0.5674   7.156E+00   1.4000   0.2877   3.860E-17   4.55164688E+00   1.11257792E+01
    1910       17407.1     0.5451   7.022E+00   1.4000   0.3139   4.163E-17   4.55100090E+00   1.11244535E+01
    1915       17442.6     0.6381   7.096E+00   1.4000   0.3162   3.990E-17   4.55026146E+00   1.11231738E+01
    1920       17474.1     0.6997   7.060E+00   1.4000   0.3035   3.616E-17   4.54960736E+00   1.11231728E+01
    1925       17509.5     0.5159   7.047E+00   1.4000   0.2718   4.077E-17   4.54887365E+00   1.11249480E+01
    1930       17541.4     0.6075   7.418E+00   1.4000   0.2909   3.383E-17   4.54820926E+00   1.11282492E+01
    1935         17578     0.6051   1.998E+00   0.3854   0.0849   3.209E-17   4.54744000E+00   1.11333808E+01
    1940       17609.2     0.9995   7.391E+00   1.4000   0.3254   3.339E-17   4.54677712E+00   1.11383586E+01
    1945         17640     0.5326   7.604E+00   1.4000   0.3493   3.860E-17   4.54611740E+00   1.11433438E+01
    1950       17677.9     0.5964   7.671E+00   1.4000   0.3304   3.990E-17   4.54529778E+00   1.11495106E+01
    1955       17715.2     0.5936   7.535E+00   1.4000   0.3131   3.556E-17   4.54448065E+00   1.11561693E+01
    1960       17751.7     0.5628   7.060E+00   1.4000   0.3024   3.990E-17   4.54367748E+00   1.11636774E+01
    1965       17780.8     0.6364   6.843E+00   1.4000   0.3144   3.643E-17   4.54303543E+00   1.11702822E+01
    1970       17814.6     0.4468   5.361E+00   1.1105   0.2353   4.077E-17   4.54228458E+00   1.11781468E+01
    1975       17847.2     0.5382   6.886E+00   1.4000   0.2951   3.469E-17   4.54155995E+00   1.11853793E+01
    1980         17880     0.5032   6.714E+00   1.4000   0.2826   3.946E-17   4.54082918E+00   1.11920291E+01
    1985         17913     0.5541   6.389E+00   1.4000   0.2864   3.816E-17   4.54008980E+00   1.11981852E+01
    1990         17940     0.5810   6.318E+00   1.4000   0.2678   3.730E-17   4.53948019E+00   1.12029533E+01
    1995       17971.3     0.6073   6.262E+00   1.4000   0.2888   3.816E-17   4.53876825E+00   1.12079776E+01
    2000         18000     0.4756   6.442E+00   1.4000   0.2823   3.990E-17   4.53811145E+00   1.12117462E+01
    2005       18032.7     0.5453   6.714E+00   1.4000   0.2885   3.643E-17   4.53735760E+00   1.12143397E+01
    2010       18067.1     0.5299   7.257E+00   1.4000   0.3113   3.730E-17   4.53655492E+00   1.12145860E+01
    2015       18103.5     0.5184   7.335E+00   1.4000   0.3141   3.643E-17   4.53569855E+00   1.12119993E+01
    2020       18134.9     0.5421   7.383E+00   1.4000   0.3188   3.572E-17   4.53495580E+00   1.12079181E+01
    2025       18172.4     0.4524   7.570E+00   1.4000   0.3279   3.708E-17   4.53405973E+00   1.12013676E+01
    2030       18202.9     0.5336   7.708E+00   1.4000   0.3382   3.513E-17   4.53332668E+00   1.11951392E+01
    2035         18240     0.5558   8.019E+00   1.4000   0.3374   3.383E-17   4.53243142E+00   1.11870351E+01
    2040       18279.9     0.6371   7.854E+00   1.4000   0.3430   3.562E-17   4.53146302E+00   1.11778845E+01
    2045       18315.6     0.6294   7.721E+00   1.4000   0.3495   4.055E-17   4.53059386E+00   1.11696942E+01
    2050       18354.7     0.5375   5.292E+00   0.9595   0.2419   3.773E-17   4.52964024E+00   1.11607870E+01
    2055       18390.7     0.6059   7.699E+00   1.4000   0.3163   3.730E-17   4.52875868E+00   1.11531181E+01
    2060       18427.7     0.5300   7.527E+00   1.4000   0.3102   3.600E-17   4.52785464E+00   1.11459951E+01
    2065       18465.9     0.4524   7.809E+00   1.4000   0.3296   3.990E-17   4.52691857E+00   1.11390660E+01
    2070       18503.4     0.5638   7.657E+00   1.4000   0.3191   3.636E-17   4.52600066E+00   1.11321629E+01
    2075         18540     0.4879   7.769E+00   1.4000   0.3267   3.123E-17   4.52510754E+00   1.11248413E+01
    2080       18578.9     0.5337   7.792E+00   1.4000   0.3467   3.556E-17   4.52416622E+00   1.11161183E+01
    2085         18615     0.6484   7.335E+00   1.4000   0.3343   3.600E-17   4.52329784E+00   1.11072985E+01
    2090       18650.8     0.4575   7.025E+00   1.4000   0.3022   3.990E-17   4.52244307E+00   1.10981308E+01
    2095       18680.3     0.5419   6.710E+00   1.4000   0.2642   3.816E-17   4.52174266E+00   1.10906265E+01
    2100       18713.5     0.5039   6.520E+00   1.4000   0.2559   3.773E-17   4.52096143E+00   1.10826149E+01
    2105       18739.7     0.6170   6.608E+00   1.4000   0.2752   3.166E-17   4.52034724E+00   1.10769027E+01
    2110       18772.6     0.5510   6.531E+00   1.4000   0.2736   3.188E-17   4.51957921E+00   1.10707335E+01
    2115         18800     0.5990   6.595E+00   1.4000   0.2792   3.383E-17   4.51894544E+00   1.10664323E+01
    2120       18833.7     0.5235   6.251E+00   1.2542   0.2674   3.903E-17   4.51816957E+00   1.10617926E+01
    2125       18868.2     0.5259   7.107E+00   1.4000   0.2916   3.686E-17   4.51738102E+00   1.10572674E+01
    2130         18900     0.4720   7.774E+00   1.4000   0.3109   3.339E-17   4.51665434E+00   1.10529170E+01
    2135       18938.7     0.5122   7.596E+00   1.4000   0.3003   3.816E-17   4.51577054E+00   1.10470129E+01
    2140       18974.9     0.5597   7.441E+00   1.4000   0.2887   4.597E-17   4.51494010E+00   1.10408128E+01
    2145       19011.4     0.4386   7.262E+00   1.4000   0.2939   3.643E-17   4.51409829E+00   1.10335621E+01
    2150       19041.5     0.5567   7.268E+00   1.4000   0.3126   3.469E-17   4.51340189E+00   1.10266971E+01
    2155       19078.1     0.4742   1.868E+00   0.3517   0.0809   3.773E-17   4.51254954E+00   1.10173002E+01
    2160       19109.9     0.5534   7.452E+00   1.4000   0.3252   4.207E-17   4.51180831E+00   1.10089086E+01
    2165       19147.7     0.5378   7.665E+00   1.4000   0.3193   3.556E-17   4.51092859E+00   1.09996691E+01
    2170       19186.1     0.4929   7.676E+00   1.4000   0.3213   3.383E-17   4.51003340E+00   1.09917197E+01
    2175       19223.2     0.5374   7.728E+00   1.4000   0.3037   3.144E-17   4.50917321E+00   1.09854617E+01
    2180         19260     0.5568   7.894E+00   1.4000   0.3123   3.643E-17   4.50832134E+00   1.09803969E+01
    2185       19299.8     0.5396   7.914E+00   1.4000   0.3418   3.383E-17   4.50739980E+00   1.09763800E+01
    2190       19335.9     0.5465   8.116E+00   1.4000   0.3679   3.534E-17   4.50656215E+00   1.09747455E+01
    2195       19375.4     0.5018   4.650E+00   0.8399   0.2089   3.661E-17   4.50564596E+00   1.09753473E+01
    2200       19411.3     0.5404   7.858E+00   1.4000   0.3247   3.469E-17   4.50481335E+00   1.09781479E+01
    2205       19447.9     0.5386   7.859E+00   1.4000   0.2931   3.643E-17   4.50396768E+00   1.09829909E+01
    2210         19486     0.4831   7.290E+00   1.4000   0.2717   3.905E-17   4.50309177E+00   1.09896555E+01
    2215         19522     0.5244   7.399E+00   1.4000   0.3116   4.315E-17   4.50227207E+00   1.09966378E+01
    2220       19558.8     0.4747   1.155E+00   0.2207   0.0472   3.946E-17   4.50143835E+00   1.10035462E+01
    2225       19589.3     0.5240   7.251E+00   1.4000   0.3033   3.583E-17   4.50075372E+00   1.10087974E+01
    2230         19620     0.4668   7.262E+00   1.4000   0.3439   3.209E-17   4.50006865E+00   1.10135035E+01
    2235       19656.6     0.5553   7.359E+00   1.4000   0.3464   3.903E-17   4.49925651E+00   1.10181437E+01
    2240       19687.3     0.5316   7.106E+00   1.4000   0.3068   3.632E-17   4.49858161E+00   1.10212265E+01
    2245       19722.7     0.4652   7.076E+00   1.4000   0.3133   4.120E-17   4.49780663E+00   1.10236925E+01
    2250         19754     0.5564   6.907E+00   1.4000   0.3847   3.816E-17   4.49712414E+00   1.10244940E+01
    2255       19788.3     0.4632   7.042E+00   1.4000   0.3756   3.990E-17   4.49638177E+00   1.10232920E+01
    2260       19821.8     0.5381   7.348E+00   1.4000   0.3154   3.914E-17   4.49566131E+00   1.10198235E+01
    2265       19859.3     0.5098   6.664E-01   0.1247   0.0289   4.250E-17   4.49486249E+00   1.10134118E+01
    2270       19889.7     0.6125   7.386E+00   1.4000   0.3105   3.903E-17   4.49422359E+00   1.10069255E+01
    2275         19920     0.4942   7.502E+00   1.4000   0.3062   3.556E-17   4.49359348E+00   1.09998235E+01
    2280       19957.8     0.5802   7.597E+00   1.4000   0.2911   3.513E-17   4.49282164E+00   1.09907657E+01
    2285       19995.4     0.5902   7.642E+00   1.4000   0.2799   3.686E-17   4.49207039E+00   1.09822003E+01
    2290       20033.7     0.7629   6.330E+00   1.1841   0.2330   3.903E-17   4.49132107E+00   1.09742998E+01
    2295       20069.1     0.8772   7.036E+00   1.4000   0.2687   3.383E-17   4.49064336E+00   1.09681450E+01
    2300         20100     0.5522   6.932E+00   1.4000   0.2643   3.079E-17   4.49006133E+00   1.09636661E+01
    2305       20134.9     0.7074   7.204E+00   1.4000   0.3000   3.404E-17   4.48941414E+00   1.09592509E+01
    2310       20167.3     0.6693   7.271E+00   1.4000   0.3010   3.643E-17   4.48882192E+00   1.09552319E+01
    2315       20204.2     0.5247   7.513E+00   1.4000   0.2966   3.686E-17   4.48815454E+00   1.09498621E+01
    2320       20235.5     0.6659   7.876E+00   1.4000   0.3078   4.185E-17   4.48759100E+00   1.09445833E+01
    2325       20274.2     0.9273   5.833E+00   1.0683   0.2368   4.532E-17   4.48689543E+00   1.09382886E+01
    2330       20310.4     1.9320   7.433E+00   1.4000   0.3057   4.207E-17   4.48624050E+00   1.09345109E+01
    2335         20340     0.5741   7.377E+00   1.4000   0.2957   3.491E-17   4.48570170E+00   1.09337376E+01
    2340       20376.2     0.8914   7.029E+00   1.4000   0.2868   3.730E-17   4.48503689E+00   1.09353694E+01
    2345         20407     0.9095   6.905E+00   1.4000   0.2883   3.708E-17   4.48446651E+00   1.09380408E+01
    2350       20442.1     0.6988   7.255E+00   1.4000   0.3109   3.816E-17   4.48380934E+00   1.09412096E+01
    2355       20474.3     1.9723   6.998E+00   1.4000   0.3033   3.383E-17   4.48320430E+00   1.09438558E+01
    2360       20509.5     0.5681   7.165E+00   1.4000   0.2972   4.337E-17   4.48253831E+00   1.09464287E+01
    2365       20541.5     0.6333   7.273E+00   1.4000   0.3033   3.816E-17   4.48193416E+00   1.09485818E+01
    2370       20578.2     0.5268   1.771E+00   0.3371   0.0785   3.686E-17   4.48124374E+00   1.09504797E+01
    2375       20609.6     0.5555   7.512E+00   1.4000   0.3306   3.816E-17   4.48065738E+00   1.09512440E+01
    2380         20640     0.5089   7.426E+00   1.4000   0.2854   3.903E-17   4.48009271E+00   1.09509268E+01
    2385       20677.7     0.6008   7.666E+00   1.4000   0.2885   3.526E-17   4.47939766E+00   1.09490243E+01
    2390       20715.5     0.5556   7.714E+00   1.4000   0.3040   4.250E-17   4.47870064E+00   1.09454606E+01
    2395       20754.7     0.4726   5.350E+00   0.9400   0.2020   4.250E-17   4.47797677E+00   1.09399792E+01
    2400       20792.5     0.5457   8.185E+00   1.4000   0.3352   3.621E-17   4.47727109E+00   1.09334087E+01
    2405       20828.4     0.5554   8.358E+00   1.4000   0.3696   3.990E-17   4.47659849E+00   1.09271859E+01
    2410       20869.4     0.4905   7.825E+00   1.4000   0.3465   3.296E-17   4.47582323E+00   1.09216042E+01
    2415       20903.6     0.5430   7.608E+00   1.4000   0.3220   4.445E-17   4.47517690E+00   1.09190147E+01
    2420         20940     0.4982   7.281E+00   1.4000   0.3152   3.383E-17   4.47448879E+00   1.09179729E+01
    2425       20975.9     0.5804   7.074E+00   1.4000   0.2965   3.469E-17   4.47381514E+00   1.09178250E+01
    2430       21007.1     0.5776   7.116E+00   1.4000   0.2992   4.077E-17   4.47323339E+00   1.09176485E+01
    2435       21043.4     0.4869   7.415E+00   1.4000   0.2903   4.250E-17   4.47256485E+00   1.09165689E+01
    2440       21074.3     0.5752   7.217E+00   1.4000   0.2832   3.903E-17   4.47200305E+00   1.09147749E+01
    2445       21109.6     0.5047   6.904E+00   1.4000   0.3002   3.556E-17   4.47136885E+00   1.09116839E+01
    2450       21141.1     0.6128   6.940E+00   1.4000   0.2934   3.686E-17   4.47080890E+00   1.09080952E+01
    2455       21176.9     0.5412   3.087E+00   0.5794   0.1255   3.816E-17   4.47017871E+00   1.09030276E+01
    2460       21209.9     0.5853   7.265E+00   1.4000   0.2922   4.250E-17   4.46960184E+00   1.08977972E+01
    2465         21240     0.4937   7.127E+00   1.4000   0.2764   3.730E-17   4.46907597E+00   1.08928989E+01
    2470       21275.6     0.5391   7.018E+00   1.4000   0.2586   3.155E-17   4.46845484E+00   1.08871649E+01
    2475         21307     0.5705   6.950E+00   1.4000   0.2671   3.339E-17   4.46790830E+00   1.08822269E+01
    2480       21341.9     0.6054   6.964E+00   1.4000   0.2598   3.209E-17   4.46730083E+00   1.08770057E+01
    2485         21374     0.6710   7.063E+00   1.4000   0.2667   3.678E-17   4.46674471E+00   1.08731427E+01
    2490       21410.1     0.5054   7.266E+00   1.4000   0.2760   4.077E-17   4.46612529E+00   1.08706070E+01
    2495       21441.3     0.5748   6.994E+00   1.4000   0.2693   4.120E-17   4.46559309E+00   1.08704112E+01
    2500       21475.5     0.4861   4.454E+00   0.9186   0.1929   3.296E-17   4.46501169E+00   1.08721072E+01
    2505       21506.8     0.6029   6.625E+00   1.4000   0.2897   4.190E-17   4.46448322E+00   1.08748461E+01
    2510       21539.7     0.5629   2.541E-01   0.0548   0.0122   3.578E-17   4.46392491E+00   1.08779391E+01
    2515       21566.2     0.7283   6.548E+00   1.4000   0.3145   4.250E-17   4.46347540E+00   1.08798942E+01
    2520       21599.5     0.6164   4.872E-01   0.0998   0.0256   3.968E-17   4.46290494E+00   1.08810738E+01
    2521         21600     0.1366   6.845E+00   1.4000   0.3600   4.033E-17   4.46289658E+00   1.08810852E+01
