    ITER          TIME      CPUDT          DT      CFL     DNUM         DIV              MOM              TKE
       0             0     0.0002   1.400E+01   1.4000   0.0439   0.000E+00   5.00000000E+00   1.25000000E+01
       5            60     1.0527   1.389E+01   1.4000   0.1023   3.666E-17   4.99689037E+00   1.24847580E+01
      10           120     1.0809   1.385E+01   1.4000   0.0995   3.713E-17   4.99397084E+00   1.24709332E+01
      15           180     1.0529   1.384E+01   1.4000   0.1178   3.722E-17   4.99122669E+00   1.24583042E+01
      20           240     1.0148   1.380E+01   1.4000   0.1310   3.850E-17   4.98863314E+00   1.24466330E+01
      25           300     1.0484   1.375E+01   1.4000   0.1420   2.820E-17   4.98616958E+00   1.24357385E+01
      30           360     1.0103   1.371E+01   1.4000   0.1506   2.869E-17   4.98381850E+00   1.24254841E+01
      35           420     1.0081   1.365E+01   1.4000   0.1578   2.836E-17   4.98156540E+00   1.24157675E+01
      40           480     1.0298   1.357E+01   1.4000   0.1638   3.000E-17   4.97939831E+00   1.24065126E+01
      45           540     1.0961   1.339E+01   1.4000   0.1690   3.068E-17   4.97730679E+00   1.23976671E+01
      50           600     1.0304   1.303E+01   1.4000   0.1731   3.306E-17   4.97528122E+00   1.23892040E+01
      55           660     1.0352   1.249E+01   1.4000   0.1762   3.677E-17   4.97331155E+00   1.23811349E+01
      60           720     1.0566   1.190E+01   1.4000   0.1805   2.949E-17   4.97138537E+00   1.23735403E+01
      65       778.457     1.0821   1.543E+00   0.1893   0.0251   3.056E-17   4.96953301E+00   1.23667987E+01
      70       825.117     1.0218   1.099E+01   1.4000   0.1955   3.032E-17   4.96805346E+00   1.23621477E+01
      75       872.201     1.0522   1.054E+01   1.4000   0.2067   2.882E-17   4.96653788E+00   1.23584741E+01
      80       920.228     1.2062   9.899E+00   1.4000   0.2111   2.844E-17   4.96494150E+00   1.23562568E+01
      85           960     0.6744   9.546E+00   1.4000   0.2078   3.296E-17   4.96356073E+00   1.23559572E+01
      90       1007.38     1.0766   9.424E+00   1.4000   0.2258   3.903E-17   4.96182848E+00   1.23577562E+01
      95        1048.1     1.0561   9.292E+00   1.4000   0.2318   3.990E-17   4.96025965E+00   1.23612481E+01
     100       1089.21     1.0524   9.169E+00   1.4000   0.2298   3.903E-17   4.95860669E+00   1.23663415E+01
     105       1133.56     0.6981   6.443E+00   1.0572   0.1716   3.816E-17   4.95676063E+00   1.23729676E+01
     110       1173.25     1.0573   8.111E+00   1.4000   0.2188   3.795E-17   4.95506675E+00   1.23794512E+01
     115       1208.03     1.0408   7.958E+00   1.4000   0.2224   4.228E-17   4.95356094E+00   1.23852967E+01
     120       1246.97     0.6944   7.655E+00   1.4000   0.2175   4.163E-17   4.95185891E+00   1.23919776E+01
     125       1282.32     1.0231   7.423E+00   1.4000   0.2149   3.816E-17   4.95030465E+00   1.23984545E+01
     130       1319.44     0.7024   5.572E-01   0.1054   0.0161   3.990E-17   4.94866733E+00   1.24057277E+01
     135       1349.85     1.0548   7.546E+00   1.4000   0.2206   3.816E-17   4.94732508E+00   1.24123336E+01
     140        1387.5     1.0466   7.539E+00   1.4000   0.2151   4.120E-17   4.94566482E+00   1.24216867E+01
     145       1425.25     0.6638   7.434E+00   1.4000   0.2211   3.990E-17   4.94400578E+00   1.24332498E+01
     150       1461.92     1.0852   7.210E+00   1.4000   0.2159   4.337E-17   4.94240303E+00   1.24480019E+01
     155       1497.07     0.6989   2.929E+00   0.6043   0.0913   4.163E-17   4.94087618E+00   1.24669036E+01
     160       1526.73     1.0532   6.561E+00   1.4000   0.2079   4.207E-17   4.93959682E+00   1.24876776E+01
     165       1559.69     0.6890   3.095E-01   0.0665   0.0104   4.337E-17   4.93818551E+00   1.25162194E+01
     170       1585.91     1.0493   6.393E+00   1.4000   0.2200   4.684E-17   4.93707068E+00   1.25432950E+01
     175       1617.57     0.7107   2.425E+00   0.5435   0.0844   4.879E-17   4.93573397E+00   1.25806568E+01
     180       1644.76     1.0441   6.160E+00   1.4000   0.2222   4.684E-17   4.93459429E+00   1.26158821E+01
     185       1675.35     0.6775   4.653E+00   1.0953   0.1622   4.987E-17   4.93332008E+00   1.26567319E+01
     190       1703.23     1.0711   5.744E+00   1.4000   0.1961   6.505E-17   4.93216567E+00   1.26934465E+01
     195       1732.17     0.6923   5.771E+00   1.4000   0.2180   6.592E-17   4.93097394E+00   1.27275519E+01
     200       1756.86     1.0005   5.517E+00   1.4000   0.2069   6.874E-17   4.92996260E+00   1.27521374E+01
     205       1784.11     0.6951   5.329E+00   1.4000   0.2023   6.505E-17   4.92885274E+00   1.27725130E+01
     210       1805.17     1.0294   5.123E+00   1.4000   0.1910   6.765E-17   4.92800049E+00   1.27829878E+01
     215       1830.78     0.7025   5.107E+00   1.4000   0.2113   6.245E-17   4.92697100E+00   1.27893638E+01
     220       1856.22     0.7192   3.775E+00   1.0486   0.1688   7.242E-17   4.92595595E+00   1.27893089E+01
     225       1880.26     1.0610   5.117E+00   1.4000   0.2358   8.847E-17   4.92500482E+00   1.27846131E+01
     230       1905.81     0.7075   5.177E+00   1.4000   0.2238   9.693E-17   4.92400178E+00   1.27755231E+01
     235        1930.5     1.0302   5.235E+00   1.4000   0.2118   9.714E-17   4.92304039E+00   1.27643753E+01
     240       1957.37     0.7049   5.454E+00   1.4000   0.2009   1.058E-16   4.92200186E+00   1.27501925E+01
     245          1980     0.7010   5.478E+00   1.4000   0.2078   4.250E-17   4.92113408E+00   1.27381690E+01
     250       2007.48     1.0932   5.437E+00   1.4000   0.1984   1.102E-16   4.92008793E+00   1.27235815E+01
     255          2034     0.7212   5.171E+00   1.4000   0.2076   1.078E-16   4.91908691E+00   1.27099820E+01
     260       2055.66     1.0550   5.185E+00   1.4000   0.2140   1.145E-16   4.91827522E+00   1.26986318E+01
     265       2081.42     0.6985   5.159E+00   1.4000   0.2221   9.595E-17   4.91731744E+00   1.26842230E+01
     270       2105.26     1.0518   5.209E+00   1.4000   0.2091   9.888E-17   4.91643844E+00   1.26701683E+01
     275        2131.4     0.6842   5.319E+00   1.4000   0.2127   9.541E-17   4.91548271E+00   1.26532233E+01
     280       2158.92     0.7245   1.079E+00   0.2640   0.0417   7.112E-17   4.91448547E+00   1.26341105E+01
     285       2182.91     1.1227   5.762E+00   1.4000   0.2175   7.112E-17   4.91362391E+00   1.26169747E+01
     290       2211.96     0.7429   5.855E+00   1.4000   0.2118   7.156E-17   4.91259015E+00   1.25957549E+01
     295       2237.67     1.0394   5.843E+00   1.4000   0.2153   6.679E-17   4.91168343E+00   1.25771569E+01
     300       2266.69     0.6951   5.813E+00   1.4000   0.2043   6.939E-17   4.91066955E+00   1.25565023E+01
     305       2291.74     1.0675   5.922E+00   1.4000   0.2111   7.177E-17   4.90980216E+00   1.25394953E+01
     310       2321.27     0.7416   5.941E+00   1.4000   0.2268   6.072E-17   4.90878918E+00   1.25203576E+01
     315       2345.97     1.0501   6.001E+00   1.4000   0.2266   6.657E-17   4.90794960E+00   1.25055986E+01
     320        2376.2     0.6902   6.164E+00   1.4000   0.2262   6.765E-17   4.90693197E+00   1.24885357E+01
     325       2406.09     1.0707   6.114E+00   1.4000   0.2260   6.332E-17   4.90593642E+00   1.24727804E+01
     330       2436.15     0.7353   5.944E+00   1.4000   0.2225   6.679E-17   4.90494623E+00   1.24576386E+01
     335          2460     0.7109   5.752E+00   1.4000   0.2063   4.163E-17   4.90416795E+00   1.24463155E+01
     340       2488.63     1.0456   5.692E+00   1.4000   0.2018   6.332E-17   4.90324182E+00   1.24331458E+01
     345       2516.94     0.7132   3.060E+00   0.7573   0.1002   5.811E-17   4.90233355E+00   1.24205646E+01
     350       2542.67     1.0236   5.730E+00   1.4000   0.1992   6.245E-17   4.90151382E+00   1.24095062E+01
     355       2571.43     0.6942   5.696E+00   1.4000   0.2113   6.072E-17   4.90060313E+00   1.23971990E+01
     360       2597.13     1.0027   5.635E+00   1.4000   0.2112   5.660E-17   4.89979353E+00   1.23870467E+01
     365       2625.55     0.6983   5.771E+00   1.4000   0.2243   4.857E-17   4.89890167E+00   1.23764937E+01
     370       2651.52     1.0495   5.823E+00   1.4000   0.2382   4.814E-17   4.89809008E+00   1.23679765E+01
     375       2680.65     0.7171   5.840E+00   1.4000   0.2324   4.684E-17   4.89718324E+00   1.23592959E+01
     380       2705.92     0.9967   5.943E+00   1.4000   0.2486   4.640E-17   4.89639882E+00   1.23527255E+01
     385       2736.02     0.7477   6.129E+00   1.4000   0.2370   4.857E-17   4.89546757E+00   1.23451485E+01
     390        2766.2     1.0329   6.293E+00   1.4000   0.2362   4.890E-17   4.89453593E+00   1.23377094E+01
     395       2798.11     0.6903   6.507E+00   1.4000   0.2185   4.857E-17   4.89355345E+00   1.23291017E+01
     400       2826.53     1.0687   6.508E+00   1.4000   0.1924   4.684E-17   4.89267980E+00   1.23210855E+01
     405       2859.09     0.7127   6.509E+00   1.4000   0.1839   5.085E-17   4.89168093E+00   1.23115829E+01
     410       2886.62     1.0494   6.674E+00   1.4000   0.1789   5.204E-17   4.89083783E+00   1.23042699E+01
     415       2920.01     0.7101   6.718E+00   1.4000   0.1812   4.901E-17   4.88981691E+00   1.22968142E+01
     420       2953.54     1.0521   6.711E+00   1.4000   0.1825   5.204E-17   4.88879388E+00   1.22913572E+01
     425       2986.99     0.8872   6.604E+00   1.4000   0.1831   4.944E-17   4.88777480E+00   1.22871974E+01
     430          3020     1.0292   6.699E+00   1.4000   0.1877   4.890E-17   4.88677060E+00   1.22829461E+01
     435       3053.26     0.7166   6.542E+00   1.4000   0.1760   5.204E-17   4.88576011E+00   1.22774400E+01
     440       3079.83     1.0788   6.792E+00   1.4000   0.1810   4.857E-17   4.88495322E+00   1.22721233E+01
     445       3113.59     0.7097   6.408E+00   1.3127   0.1705   5.551E-17   4.88392786E+00   1.22646158E+01
     450       3147.84     1.0569   7.005E+00   1.4000   0.1793   5.020E-17   4.88288698E+00   1.22571567E+01
     455          3180     0.7130   7.055E+00   1.4000   0.2071   4.337E-17   4.88190814E+00   1.22510327E+01
     460       3215.52     1.0880   7.170E+00   1.4000   0.2079   5.334E-17   4.88082370E+00   1.22439363E+01
     465       3247.02     1.0997   6.911E+00   1.4000   0.1950   5.226E-17   4.87985843E+00   1.22376135E+01
     470       3281.05     0.6915   6.651E+00   1.4000   0.1939   5.117E-17   4.87881068E+00   1.22302571E+01
     475       3313.02     1.0903   6.347E+00   1.4000   0.1762   4.987E-17   4.87782201E+00   1.22233059E+01
     480       3344.56     0.7219   6.221E+00   1.4000   0.1707   4.781E-17   4.87684235E+00   1.22165519E+01
     485       3372.41     1.0739   6.230E+00   1.4000   0.1732   4.944E-17   4.87597525E+00   1.22111283E+01
     490       3403.37     0.7116   6.200E+00   1.4000   0.1711   4.857E-17   4.87500893E+00   1.22052274E+01
     495       3432.29     1.0492   6.181E+00   1.4000   0.1850   4.554E-17   4.87410542E+00   1.21998846E+01
     500       3462.95     0.7263   6.098E+00   1.4000   0.1828   4.554E-17   4.87314661E+00   1.21938550E+01
     505        3492.3     1.0764   6.099E+00   1.4000   0.1722   5.117E-17   4.87222885E+00   1.21881203E+01
     510       3523.11     0.7153   6.197E+00   1.4000   0.1659   4.770E-17   4.87126528E+00   1.21819292E+01
     515       3552.27     1.0381   6.078E+00   1.4000   0.1574   4.597E-17   4.87035264E+00   1.21762356E+01
     520       3582.63     0.7183   6.133E+00   1.4000   0.1777   4.467E-17   4.86940141E+00   1.21700499E+01
     525       3612.05     1.0974   6.047E+00   1.4000   0.1725   4.163E-17   4.86847738E+00   1.21639535E+01
     530       3642.37     0.7284   6.210E+00   1.4000   0.1718   4.857E-17   4.86752207E+00   1.21572582E+01
     535       3672.46     1.0794   6.364E+00   1.4000   0.1758   4.684E-17   4.86657020E+00   1.21504945E+01
     540       3704.89     0.7025   6.643E+00   1.4000   0.1907   5.031E-17   4.86553974E+00   1.21429974E+01
     545       3733.51     1.0889   6.754E+00   1.4000   0.1922   4.857E-17   4.86462664E+00   1.21367688E+01
     550       3766.74     0.6792   6.651E+00   1.4000   0.1783   4.684E-17   4.86356270E+00   1.21299630E+01
     555       3800.39     1.0803   6.892E+00   1.4000   0.1947   5.725E-17   4.86248378E+00   1.21232552E+01
     560       3834.55     0.7102   5.453E+00   1.1390   0.1351   4.857E-17   4.86138823E+00   1.21162404E+01
     565       3867.05     1.0756   6.780E+00   1.4000   0.1685   4.857E-17   4.86034783E+00   1.21095480E+01
     570          3900     0.6875   6.602E+00   1.4000   0.1866   4.510E-17   4.85929632E+00   1.21028708E+01
     575        3933.2     1.0285   6.571E+00   1.4000   0.2089   5.291E-17   4.85824125E+00   1.20967012E+01
     580          3960     0.7414   6.672E+00   1.4000   0.2151   3.556E-17   4.85739339E+00   1.20922481E+01
     585       3992.75     1.1001   6.365E+00   1.4000   0.2024   5.117E-17   4.85636121E+00   1.20872389E+01
     590          4020     0.6997   6.120E+00   1.4000   0.1845   3.990E-17   4.85550606E+00   1.20834983E+01
     595       4050.02     1.0598   5.845E+00   1.4000   0.1556   4.554E-17   4.85456727E+00   1.20794254E+01
     600       4078.94     0.7392   1.063E+00   0.2599   0.0269   4.640E-17   4.85366656E+00   1.20758852E+01
     605       4102.92     1.0670   5.744E+00   1.4000   0.1578   4.510E-17   4.85292238E+00   1.20734040E+01
     610       4131.73     0.7277   5.782E+00   1.4000   0.1833   4.684E-17   4.85203164E+00   1.20709781E+01
     615       4157.13     1.0924   5.670E+00   1.4000   0.2200   5.204E-17   4.85124983E+00   1.20693763E+01
     620       4185.48     0.7039   5.639E+00   1.4000   0.2281   4.337E-17   4.85038132E+00   1.20675706E+01
     625       4211.21     1.0921   5.573E+00   1.4000   0.1920   4.597E-17   4.84959684E+00   1.20658326E+01
     630       4239.21     0.6976   5.644E+00   1.4000   0.1749   4.792E-17   4.84874737E+00   1.20633879E+01
     635       4265.71     1.0838   5.784E+00   1.4000   0.2044   4.337E-17   4.84794714E+00   1.20608504E+01
     640       4294.42     0.7397   5.753E+00   1.4000   0.1775   4.207E-17   4.84708424E+00   1.20579276E+01
     645          4320     0.7031   5.701E+00   1.4000   0.1807   4.337E-17   4.84631872E+00   1.20557769E+01
     650        4348.5     1.1295   5.565E+00   1.4000   0.1674   4.510E-17   4.84546917E+00   1.20534756E+01
     655       4376.17     0.6962   3.834E+00   0.9967   0.1210   4.337E-17   4.84464722E+00   1.20510586E+01
     660       4401.58     1.1152   5.380E+00   1.4000   0.2001   4.684E-17   4.84389447E+00   1.20482005E+01
     665       4428.44     0.7184   5.378E+00   1.4000   0.2041   5.117E-17   4.84310087E+00   1.20441496E+01
     670       4450.86     1.1022   5.419E+00   1.4000   0.1937   4.640E-17   4.84243965E+00   1.20402917E+01
     675       4478.55     0.7209   5.714E+00   1.4000   0.1893   4.424E-17   4.84162397E+00   1.20353012E+01
     680       4505.69     1.0963   5.791E+00   1.4000   0.1879   4.884E-17   4.84082609E+00   1.20310751E+01
     685       4534.83     0.7227   5.958E+00   1.4000   0.1777   4.467E-17   4.83997177E+00   1.20274894E+01
     690          4560     0.7115   5.810E+00   1.4000   0.1980   4.857E-17   4.83923643E+00   1.20255995E+01
     695       4588.28     1.0906   5.567E+00   1.4000   0.2271   4.510E-17   4.83841389E+00   1.20244890E+01
     700       4615.87     0.7275   4.130E+00   1.0427   0.1820   4.510E-17   4.83761628E+00   1.20242215E+01
     705       4642.09     1.0793   5.468E+00   1.4000   0.2320   4.380E-17   4.83686298E+00   1.20242611E+01
     710       4669.47     0.7101   5.489E+00   1.4000   0.1949   4.288E-17   4.83608129E+00   1.20239794E+01
     715       4696.67     1.0806   5.600E+00   1.4000   0.1806   4.684E-17   4.83530986E+00   1.20228554E+01
     720       4724.98     0.7386   5.690E+00   1.4000   0.1808   4.424E-17   4.83451158E+00   1.20200605E+01
     725       4751.32     1.1158   5.661E+00   1.4000   0.1905   4.597E-17   4.83377255E+00   1.20162495E+01
     730       4780.16     0.7116   5.902E+00   1.4000   0.1943   4.510E-17   4.83296649E+00   1.20109345E+01
     735       4806.04     1.0438   6.118E+00   1.4000   0.2297   4.684E-17   4.83224505E+00   1.20059029E+01
     740       4836.91     0.7312   6.085E+00   1.4000   0.2438   4.703E-17   4.83138625E+00   1.20002107E+01
     745       4865.88     1.0323   5.734E+00   1.4000   0.2054   4.933E-17   4.83058167E+00   1.19963587E+01
     750       4894.47     0.7408   5.678E+00   1.4000   0.1915   4.597E-17   4.82978944E+00   1.19940512E+01
     755          4920     0.7096   5.458E+00   1.4000   0.1828   3.816E-17   4.82908428E+00   1.19931371E+01
     760       4947.17     1.1243   5.344E+00   1.4000   0.1740   4.467E-17   4.82833722E+00   1.19921563E+01
     765       4974.24     0.8497   5.468E+00   1.4000   0.1871   5.204E-17   4.82759660E+00   1.19903454E+01
     770       4996.43     1.0949   5.527E+00   1.4000   0.1796   4.792E-17   4.82699228E+00   1.19877725E+01
     775       5023.51     0.7234   5.327E+00   1.4000   0.1786   4.575E-17   4.82625775E+00   1.19834152E+01
     780       5045.21     1.0383   5.236E+00   1.4000   0.1911   4.857E-17   4.82567126E+00   1.19792521E+01
     785       5071.23     0.6952   5.351E+00   1.4000   0.2208   4.684E-17   4.82496991E+00   1.19737468E+01
     790        5098.3     0.7397   1.701E+00   0.4257   0.0731   4.640E-17   4.82424212E+00   1.19675844E+01
     795       5122.13     1.0990   5.487E+00   1.4000   0.2287   4.337E-17   4.82360322E+00   1.19618171E+01
     800       5149.97     0.7301   5.595E+00   1.4000   0.2035   4.185E-17   4.82285923E+00   1.19545989E+01
     805        5176.9     1.1198   5.789E+00   1.4000   0.2187   4.337E-17   4.82214296E+00   1.19476336E+01
     810        5206.4     0.7229   6.102E+00   1.4000   0.2251   4.597E-17   4.82136286E+00   1.19402491E+01
     815       5232.38     1.1227   6.175E+00   1.4000   0.2159   5.551E-17   4.82068011E+00   1.19347158E+01
     820          5264     0.7150   6.468E+00   1.4000   0.2389   4.760E-17   4.81985455E+00   1.19293033E+01
     825        5292.8     1.0638   6.411E+00   1.4000   0.2180   5.334E-17   4.81910827E+00   1.19256352E+01
     830       5324.77     0.7094   6.455E+00   1.4000   0.2037   4.554E-17   4.81828546E+00   1.19219397E+01
     835       5353.05     1.1070   6.377E+00   1.4000   0.2009   4.944E-17   4.81756207E+00   1.19185233E+01
     840       5384.79     0.7498   6.182E+00   1.4000   0.1835   4.944E-17   4.81675557E+00   1.19139057E+01
     845       5412.49     1.1080   6.269E+00   1.4000   0.1776   4.667E-17   4.81605540E+00   1.19094360E+01
     850       5444.84     0.8207   6.595E+00   1.4000   0.1794   5.551E-17   4.81524172E+00   1.19035918E+01
     855       5472.73     1.2313   6.367E+00   1.4000   0.1777   4.684E-17   4.81454297E+00   1.18991219E+01
     860       5504.28     0.7774   6.185E+00   1.4000   0.1892   4.770E-17   4.81375520E+00   1.18948695E+01
     865       5532.21     1.1478   6.080E+00   1.4000   0.1964   5.031E-17   4.81305946E+00   1.18921611E+01
     870       5562.65     0.8843   5.977E+00   1.4000   0.1913   4.597E-17   4.81230246E+00   1.18898456E+01
     875       5591.92     1.4800   5.899E+00   1.4000   0.1616   4.380E-17   4.81157575E+00   1.18882195E+01
     880       5621.47     1.0246   5.972E+00   1.4000   0.1655   4.510E-17   4.81084229E+00   1.18866585E+01
     885       5646.05     2.0573   6.210E+00   1.4000   0.2006   4.163E-17   4.81023260E+00   1.18853286E+01
     890       5676.85     1.0055   6.143E+00   1.4000   0.2185   4.543E-17   4.80946784E+00   1.18835479E+01
     895       5705.87     1.2560   5.804E+00   1.4000   0.1995   4.163E-17   4.80874645E+00   1.18819234E+01
     900       5734.28     0.9741   5.459E+00   1.4000   0.1899   4.424E-17   4.80803835E+00   1.18802893E+01
     905          5760     0.7669   5.323E+00   1.4000   0.1745   4.250E-17   4.80739511E+00   1.18791098E+01
     910        5786.4     1.1275   5.320E+00   1.4000   0.1755   4.402E-17   4.80673224E+00   1.18782289E+01
     915       5813.13     0.7218   5.452E+00   1.4000   0.1735   4.857E-17   4.80605807E+00   1.18779752E+01
     920       5836.41     1.0897   5.451E+00   1.4000   0.1887   4.424E-17   4.80546814E+00   1.18781829E+01
     925       5863.58     0.7493   5.379E+00   1.4000   0.1802   4.424E-17   4.80477686E+00   1.18786013E+01
     930       5885.45     1.0806   5.523E+00   1.4000   0.1803   4.684E-17   4.80421813E+00   1.18789917E+01
     935       5913.64     0.7352   5.791E+00   1.4000   0.1860   4.424E-17   4.80349551E+00   1.18791426E+01
     940          5940     0.7286   5.782E+00   1.4000   0.2001   4.597E-17   4.80281820E+00   1.18788649E+01
     945       5968.63     1.0720   5.674E+00   1.4000   0.2024   4.597E-17   4.80208150E+00   1.18774817E+01
     950       5996.82     0.6836   3.182E+00   0.7984   0.1028   5.204E-17   4.80135621E+00   1.18752004E+01
     955       6022.71     1.0232   5.792E+00   1.4000   0.1918   4.684E-17   4.80069082E+00   1.18724754E+01
     960       6051.81     0.7424   5.875E+00   1.4000   0.1924   5.117E-17   4.79994476E+00   1.18684936E+01
     965        6077.8     1.0871   5.965E+00   1.4000   0.1885   4.673E-17   4.79928091E+00   1.18643275E+01
     970       6107.56     0.6923   5.982E+00   1.4000   0.1879   4.684E-17   4.79852386E+00   1.18586428E+01
     975       6132.18     1.0571   6.056E+00   1.4000   0.2010   5.031E-17   4.79790050E+00   1.18533960E+01
     980       6162.57     0.7149   6.040E+00   1.4000   0.2118   4.250E-17   4.79713512E+00   1.18467728E+01
     985       6192.24     1.1775   6.179E+00   1.4000   0.2085   4.337E-17   4.79639188E+00   1.18410440E+01
     990       6223.94     0.7108   6.503E+00   1.4000   0.2175   4.077E-17   4.79560193E+00   1.18360339E+01
     995       6253.36     1.0976   6.709E+00   1.4000   0.2137   4.684E-17   4.79487256E+00   1.18326388E+01
    1000       6286.96     0.7254   6.723E+00   1.4000   0.2013   4.033E-17   4.79404332E+00   1.18292344E+01
    1005       6320.18     1.0594   6.802E+00   1.4000   0.1925   4.077E-17   4.79322741E+00   1.18256851E+01
    1010       6353.66     0.7406   6.339E+00   1.3672   0.1810   3.860E-17   4.79240929E+00   1.18210627E+01
    1015       6384.97     1.0628   6.056E+00   1.4000   0.1721   4.299E-17   4.79164779E+00   1.18155058E+01
    1020        6414.9     0.7358   5.095E+00   1.2159   0.1450   3.773E-17   4.79092220E+00   1.18089249E+01
    1025       6443.64     1.0780   6.029E+00   1.4000   0.1882   3.892E-17   4.79022816E+00   1.18020667E+01
    1030       6473.73     0.7201   5.986E+00   1.4000   0.1858   4.220E-17   4.78950407E+00   1.17951656E+01
    1035        6497.8     1.0635   5.908E+00   1.4000   0.1782   3.990E-17   4.78892789E+00   1.17905896E+01
    1040       6526.94     0.7462   5.838E+00   1.4000   0.1674   3.990E-17   4.78823473E+00   1.17861962E+01
    1045       6551.66     1.0897   5.782E+00   1.4000   0.1654   3.990E-17   4.78765158E+00   1.17829544E+01
    1050       6579.95     0.7411   5.572E+00   1.4000   0.1523   4.056E-17   4.78699028E+00   1.17790910E+01
    1055       6605.51     1.0995   5.524E+00   1.4000   0.1495   4.077E-17   4.78639849E+00   1.17753220E+01
    1060       6633.74     0.7459   5.698E+00   1.4000   0.1480   4.077E-17   4.78575043E+00   1.17707510E+01
    1065          6660     0.7375   5.776E+00   1.4000   0.1526   4.293E-17   4.78515271E+00   1.17666710E+01
    1070       6689.46     1.0948   6.068E+00   1.4000   0.1586   4.001E-17   4.78448683E+00   1.17619310E+01
    1075          6720     0.7488   6.492E+00   1.4000   0.1730   3.816E-17   4.78380141E+00   1.17570387E+01
    1080       6752.24     1.0770   6.261E+00   1.4000   0.1821   4.250E-17   4.78308247E+00   1.17518854E+01
    1085          6780     0.8451   6.014E+00   1.4000   0.1549   4.163E-17   4.78246714E+00   1.17480966E+01
    1090       6810.12     1.1210   6.063E+00   1.4000   0.1630   3.990E-17   4.78180256E+00   1.17441900E+01
    1095          6840     0.7479   6.005E+00   1.4000   0.1586   4.163E-17   4.78114561E+00   1.17405088E+01
    1100       6870.32     1.0902   6.054E+00   1.4000   0.1607   4.467E-17   4.78048059E+00   1.17366183E+01
    1105          6900     0.6899   6.096E+00   1.4000   0.1573   5.117E-17   4.77983043E+00   1.17326923E+01
    1110       6930.89     1.0825   6.265E+00   1.4000   0.1617   3.990E-17   4.77915394E+00   1.17282698E+01
    1115          6960     0.7275   6.422E+00   1.4000   0.1691   3.946E-17   4.77851674E+00   1.17242117E+01
    1120       6991.72     1.1219   6.324E+00   1.4000   0.1729   3.990E-17   4.77782217E+00   1.17198421E+01
    1125          7020     0.7358   6.352E+00   1.4000   0.1673   3.469E-17   4.77720264E+00   1.17165291E+01
    1130       7051.77     1.1122   6.396E+00   1.4000   0.1676   3.946E-17   4.77650703E+00   1.17129282E+01
    1135          7080     0.8051   6.517E+00   1.4000   0.1691   3.990E-17   4.77588927E+00   1.17097752E+01
    1140        7112.6     1.0802   6.523E+00   1.4000   0.1622   3.751E-17   4.77517706E+00   1.17054243E+01
    1145          7140     0.7256   6.399E+00   1.4000   0.1585   3.936E-17   4.77457933E+00   1.17013648E+01
    1150       7172.13     1.0982   6.467E+00   1.4000   0.1774   3.643E-17   4.77387901E+00   1.16962203E+01
    1155          7200     0.7296   6.386E+00   1.4000   0.1921   3.990E-17   4.77327100E+00   1.16917973E+01
